Using pre-set license
Built from '2020.3/release' branch; Version is '2020.3.2f1 (8fd9074bf66c) revision 9427207'; Using compiler version '192528614'; Build Type 'Release'
OS: 'Windows 10 Home; OS build 19042.1165; Version 2009; 64bit' Language: 'ja' Physical Memory: 16322 MB
BatchMode: 1, IsHumanControllingUs: 0, StartBugReporterOnCrash: 0, Is64bit: 1, IsPro: 0

 COMMAND LINE ARGUMENTS:
F:\program file\unity\2020.3.2f1\Editor\Unity.exe
-adb2
-batchMode
-noUpm
-name
AssetImportWorker3
-projectPath
F:/Documents/unity projects/Tutorials/DarkSoulsLike/SwordWolf
-logFile
Logs/AssetImportWorker3.log
-srvPort
63461
Successfully changed project path to: F:/Documents/unity projects/Tutorials/DarkSoulsLike/SwordWolf
F:/Documents/unity projects/Tutorials/DarkSoulsLike/SwordWolf
Using Asset Import Pipeline V2.
Refreshing native plugins compatible for Editor in 301.08 ms, found 3 plugins.
Preloading 0 native plugins for Editor in 0.00 ms.
Initialize engine version: 2020.3.2f1 (8fd9074bf66c)
[Subsystems] Discovering subsystems at path F:/program file/unity/2020.3.2f1/Editor/Data/Resources/UnitySubsystems
[Subsystems] Discovering subsystems at path F:/Documents/unity projects/Tutorials/DarkSoulsLike/SwordWolf/Assets
GfxDevice: creating device client; threaded=0
Direct3D:
    Version:  Direct3D 11.0 [level 11.1]
    Renderer: NVIDIA GeForce RTX 2070 (ID=0x1f02)
    Vendor:   
    VRAM:     8031 MB
    Driver:   27.21.14.5671
Shader 'WFX/Transparent Specular': fallback shader 'Particles/Alpha Blended' not found
Shader 'WFX/Transparent Diffuse': fallback shader 'Particles/Alpha Blended' not found
Shader 'Enviro/Lite/SkyboxSimple': fallback shader 'None' not found
Shader 'Enviro/Standard/SkyboxSimple': fallback shader 'None' not found
Initialize mono
Mono path[0] = 'F:/program file/unity/2020.3.2f1/Editor/Data/Managed'
Mono path[1] = 'F:/program file/unity/2020.3.2f1/Editor/Data/MonoBleedingEdge/lib/mono/unityjit'
Mono config path = 'F:/program file/unity/2020.3.2f1/Editor/Data/MonoBleedingEdge/etc'
Using monoOptions --debugger-agent=transport=dt_socket,embedding=1,server=y,suspend=n,address=127.0.0.1:56328
Begin MonoManager ReloadAssembly
Registering precompiled unity dll's ...
Register platform support module: F:/program file/unity/2020.3.2f1/Editor/Data/PlaybackEngines/WindowsStandaloneSupport/UnityEditor.WindowsStandalone.Extensions.dll
Registered in 0.001268 seconds.
Native extension for WindowsStandalone target not found
Refreshing native plugins compatible for Editor in 320.68 ms, found 3 plugins.
Preloading 0 native plugins for Editor in 0.00 ms.
Invoked RoslynAnalysisRunner static constructor.
RoslynAnalysisRunner will not be running.
RoslynAnalysisRunner has terminated.
Mono: successfully reloaded assembly
- Completed reload, in  1.796 seconds
Platform modules already initialized, skipping
Registering precompiled user dll's ...
Registered in 0.009789 seconds.
Begin MonoManager ReloadAssembly
Native extension for WindowsStandalone target not found
Refreshing native plugins compatible for Editor in 340.79 ms, found 3 plugins.
Preloading 0 native plugins for Editor in 0.00 ms.
Invoked RoslynAnalysisRunner static constructor.
RoslynAnalysisRunner will not be running.
RoslynAnalysisRunner has terminated.
Mono: successfully reloaded assembly
- Completed reload, in  2.776 seconds
Platform modules already initialized, skipping
========================================================================
Worker process is ready to serve import requests
Shader 'WFX/Transparent Diffuse': fallback shader 'Particles/Alpha Blended' not found
Shader 'Enviro/Standard/SkyboxSimple': fallback shader 'None' not found
Shader 'WFX/Transparent Specular': fallback shader 'Particles/Alpha Blended' not found
Shader 'Enviro/Lite/SkyboxSimple': fallback shader 'None' not found
Launched and connected shader compiler UnityShaderCompiler.exe after 0.40 seconds
Refreshing native plugins compatible for Editor in 2.88 ms, found 3 plugins.
Preloading 0 native plugins for Editor in 0.00 ms.
Unloading 2619 Unused Serialized files (Serialized files now loaded: 0)
System memory in use before: 208.9 MB.
System memory in use after: 209.0 MB.

Unloading 24 unused Assets to reduce memory usage. Loaded Objects now: 3107.
Total: 4.670700 ms (FindLiveObjects: 0.379600 ms CreateObjectMapping: 0.123400 ms MarkObjects: 3.652300 ms  DeleteObjects: 0.513700 ms)

========================================================================
Received Import Request.
  path: Assets/AssetStoreTools/Template/Gaia User Data/Sessions/GS-20210726 - 084512/Session Operations/20210726-085642 Clearing -, CurrentTerrainOnly, AnySource.asset
  artifactKey: Guid(dc86b54fc80a61b4c8f2f8caba631b0e) Importer(815301076,1909f56bfc062723c751e8b465ee728b)
Start importing Assets/AssetStoreTools/Template/Gaia User Data/Sessions/GS-20210726 - 084512/Session Operations/20210726-085642 Clearing -, CurrentTerrainOnly, AnySource.asset using Guid(dc86b54fc80a61b4c8f2f8caba631b0e) Importer(815301076,1909f56bfc062723c751e8b465ee728b)  -> (artifact id: '0900a5dc5aae14b2edf894fd800b930c') in 1.055195 seconds
  Import took 1.100152 seconds .

========================================================================
Received Import Request.
  Time since last request: 0.000256 seconds.
  path: Assets/AssetStoreTools/3DModels/Ultimate_Fantasy_Creator/Medieval_Housing_Creator/Prefabs/House_Extensions, Add-ons/Building_From_Scratch/Beams, Support/Advanced_Support_Frame_1A.prefab
  artifactKey: Guid(89601729131d9b746a76c9ef5a179ef1) Importer(815301076,1909f56bfc062723c751e8b465ee728b)
Start importing Assets/AssetStoreTools/3DModels/Ultimate_Fantasy_Creator/Medieval_Housing_Creator/Prefabs/House_Extensions, Add-ons/Building_From_Scratch/Beams, Support/Advanced_Support_Frame_1A.prefab using Guid(89601729131d9b746a76c9ef5a179ef1) Importer(815301076,1909f56bfc062723c751e8b465ee728b)  -> (artifact id: 'a32386a63ed6a6135cf717d1591d05e5') in 0.377090 seconds
  Import took 0.414971 seconds .

========================================================================
Received Import Request.
  Time since last request: 0.000252 seconds.
  path: Assets/AssetStoreTools/Template/Gaia User Data/Sessions/GS-20210726 - 100556/Session Operations/20210726-101553 Spawning - Multiple Spawners (11).asset
  artifactKey: Guid(13aa1da714882a64099f3d2e9703ca92) Importer(815301076,1909f56bfc062723c751e8b465ee728b)
Start importing Assets/AssetStoreTools/Template/Gaia User Data/Sessions/GS-20210726 - 100556/Session Operations/20210726-101553 Spawning - Multiple Spawners (11).asset using Guid(13aa1da714882a64099f3d2e9703ca92) Importer(815301076,1909f56bfc062723c751e8b465ee728b)  -> (artifact id: '4460253af5341a53d32da9cae20bb1c6') in 0.287909 seconds
  Import took 0.349674 seconds .

========================================================================
Received Import Request.
  Time since last request: 0.000292 seconds.
  path: Assets/AssetStoreTools/3DModels/Ultimate_Fantasy_Creator/Dungeons_Explorer_Kit/Prefabs/Dungeon_Building Pieces, Walls/Altars, Podiums/Altar_Platform_2A.prefab
  artifactKey: Guid(009bf157a2bfa98419a2e25954a0dd06) Importer(815301076,1909f56bfc062723c751e8b465ee728b)
Start importing Assets/AssetStoreTools/3DModels/Ultimate_Fantasy_Creator/Dungeons_Explorer_Kit/Prefabs/Dungeon_Building Pieces, Walls/Altars, Podiums/Altar_Platform_2A.prefab using Guid(009bf157a2bfa98419a2e25954a0dd06) Importer(815301076,1909f56bfc062723c751e8b465ee728b)  -> (artifact id: '49fe91102ebd6bb5694b9a3764d430a4') in 0.148171 seconds
  Import took 0.185181 seconds .

========================================================================
Received Import Request.
  Time since last request: 0.000425 seconds.
  path: Assets/AssetStoreTools/3DModels/Ultimate_Fantasy_Creator/Dungeons_Explorer_Kit/Prefabs/Dungeon_Building Pieces, Walls/Altars, Podiums/Altar_Platform_1C.prefab
  artifactKey: Guid(32b5499a338475c41acb477a021384d4) Importer(815301076,1909f56bfc062723c751e8b465ee728b)
Start importing Assets/AssetStoreTools/3DModels/Ultimate_Fantasy_Creator/Dungeons_Explorer_Kit/Prefabs/Dungeon_Building Pieces, Walls/Altars, Podiums/Altar_Platform_1C.prefab using Guid(32b5499a338475c41acb477a021384d4) Importer(815301076,1909f56bfc062723c751e8b465ee728b)  -> (artifact id: 'ba0177570524fb889b3cbeb61b8fc21c') in 0.062838 seconds
  Import took 0.089582 seconds .

========================================================================
Received Import Request.
  Time since last request: 0.000253 seconds.
  path: Assets/AssetStoreTools/3DModels/Ultimate_Fantasy_Creator/Dungeons_Explorer_Kit/Prefabs/Dungeon_Building Pieces, Walls/Altars, Podiums/Altar_Platform_2F.prefab
  artifactKey: Guid(6eb9a1a295b4f0c4bbefcc9af27a2538) Importer(815301076,1909f56bfc062723c751e8b465ee728b)
Start importing Assets/AssetStoreTools/3DModels/Ultimate_Fantasy_Creator/Dungeons_Explorer_Kit/Prefabs/Dungeon_Building Pieces, Walls/Altars, Podiums/Altar_Platform_2F.prefab using Guid(6eb9a1a295b4f0c4bbefcc9af27a2538) Importer(815301076,1909f56bfc062723c751e8b465ee728b)  -> (artifact id: '11682615687d54af29f8e57aa7560144') in 0.075799 seconds
  Import took 0.104759 seconds .

========================================================================
Received Import Request.
  Time since last request: 0.000213 seconds.
  path: Assets/AssetStoreTools/3DModels/Ultimate_Fantasy_Creator/Dungeons_Explorer_Kit/Prefabs/Dungeon_Building Pieces, Walls/Altars, Podiums/Altar_Platform_2D.prefab
  artifactKey: Guid(8ebd2a46a5eed2c4ea18c167be7e15c7) Importer(815301076,1909f56bfc062723c751e8b465ee728b)
Start importing Assets/AssetStoreTools/3DModels/Ultimate_Fantasy_Creator/Dungeons_Explorer_Kit/Prefabs/Dungeon_Building Pieces, Walls/Altars, Podiums/Altar_Platform_2D.prefab using Guid(8ebd2a46a5eed2c4ea18c167be7e15c7) Importer(815301076,1909f56bfc062723c751e8b465ee728b)  -> (artifact id: '799a56571403b6a0c7ea46a2404b87ac') in 0.045027 seconds
  Import took 0.064851 seconds .

========================================================================
Received Import Request.
  Time since last request: 0.000248 seconds.
  path: Assets/AssetStoreTools/Template/Procedural Worlds/Gaia/Lighting/Content Resources/High Definition Pipeline/Lighting Profiles/2019_3 Lighting Profile HD.asset
  artifactKey: Guid(64642369a422ca1459aa9d236b297ca6) Importer(815301076,1909f56bfc062723c751e8b465ee728b)
Start importing Assets/AssetStoreTools/Template/Procedural Worlds/Gaia/Lighting/Content Resources/High Definition Pipeline/Lighting Profiles/2019_3 Lighting Profile HD.asset using Guid(64642369a422ca1459aa9d236b297ca6) Importer(815301076,1909f56bfc062723c751e8b465ee728b)  -> (artifact id: '7ee2c4f57f574d117e6021a04c0e0497') in 0.025947 seconds
  Import took 0.065745 seconds .

========================================================================
Received Import Request.
  Time since last request: 0.000264 seconds.
  path: Assets/AssetStoreTools/3DModels/Ultimate_Fantasy_Creator/Dungeons_Explorer_Kit/Prefabs/Dungeon_Building Pieces, Walls/Altars, Podiums/Altar_Platform_1A.prefab
  artifactKey: Guid(74bbb4d16b9b86b46baf069cae53636b) Importer(815301076,1909f56bfc062723c751e8b465ee728b)
Start importing Assets/AssetStoreTools/3DModels/Ultimate_Fantasy_Creator/Dungeons_Explorer_Kit/Prefabs/Dungeon_Building Pieces, Walls/Altars, Podiums/Altar_Platform_1A.prefab using Guid(74bbb4d16b9b86b46baf069cae53636b) Importer(815301076,1909f56bfc062723c751e8b465ee728b)  -> (artifact id: '4f19880b4b33f00b9eb858999cf8fff5') in 0.079266 seconds
  Import took 0.112146 seconds .

========================================================================
Received Import Request.
  Time since last request: 0.000247 seconds.
  path: Assets/AssetStoreTools/Template/Gaia User Data/Sessions/GS-20210726 - 084512/Session Operations/20210726-085729 Spawning - Multiple Spawners (11).asset
  artifactKey: Guid(3dc8a943fa662ad478ba10068e466245) Importer(815301076,1909f56bfc062723c751e8b465ee728b)
Start importing Assets/AssetStoreTools/Template/Gaia User Data/Sessions/GS-20210726 - 084512/Session Operations/20210726-085729 Spawning - Multiple Spawners (11).asset using Guid(3dc8a943fa662ad478ba10068e466245) Importer(815301076,1909f56bfc062723c751e8b465ee728b)  -> (artifact id: '4ac9465b74b5ee524a6b48dafa6aeca6') in 0.270380 seconds
  Import took 0.323230 seconds .

========================================================================
Received Import Request.
  Time since last request: 0.000294 seconds.
  path: Assets/AssetStoreTools/Template/Procedural Worlds/Gaia/Asset Samples/Standard Assets/Vehicles/Car/Audio/AccelerationLow.wav
  artifactKey: Guid(c4d8928c75c21af43998193f0f038429) Importer(815301076,1909f56bfc062723c751e8b465ee728b)
Start importing Assets/AssetStoreTools/Template/Procedural Worlds/Gaia/Asset Samples/Standard Assets/Vehicles/Car/Audio/AccelerationLow.wav using Guid(c4d8928c75c21af43998193f0f038429) Importer(815301076,1909f56bfc062723c751e8b465ee728b)  -> (artifact id: 'fc854e8eb8d4073f046385e90c13fcef') in 0.200764 seconds
  Import took 0.230122 seconds .

========================================================================
Received Import Request.
  Time since last request: 0.000236 seconds.
  path: Assets/AssetStoreTools/3DModels/Ultimate_Fantasy_Creator/Medieval_Housing_Creator/Prefabs/House_Extensions, Add-ons/Building_From_Scratch/Beams, Support/Advanced_Support_Frame_1B2.prefab
  artifactKey: Guid(4e38964ef3b32c64cb176ac0e9be2d29) Importer(815301076,1909f56bfc062723c751e8b465ee728b)
Start importing Assets/AssetStoreTools/3DModels/Ultimate_Fantasy_Creator/Medieval_Housing_Creator/Prefabs/House_Extensions, Add-ons/Building_From_Scratch/Beams, Support/Advanced_Support_Frame_1B2.prefab using Guid(4e38964ef3b32c64cb176ac0e9be2d29) Importer(815301076,1909f56bfc062723c751e8b465ee728b)  -> (artifact id: '71d2b42d5a43e872c5e838e4c47576e5') in 0.036430 seconds
  Import took 0.064219 seconds .

========================================================================
Received Import Request.
  Time since last request: 0.000276 seconds.
  path: Assets/AssetStoreTools/3DModels/Ultimate_Fantasy_Creator/Dungeons_Explorer_Kit/Prefabs/Dungeon_Building Pieces, Walls/Pillars/Group_3/Archway_Pillars_1A.prefab
  artifactKey: Guid(96b029330a9cfd74784416df4b61304b) Importer(815301076,1909f56bfc062723c751e8b465ee728b)
Start importing Assets/AssetStoreTools/3DModels/Ultimate_Fantasy_Creator/Dungeons_Explorer_Kit/Prefabs/Dungeon_Building Pieces, Walls/Pillars/Group_3/Archway_Pillars_1A.prefab using Guid(96b029330a9cfd74784416df4b61304b) Importer(815301076,1909f56bfc062723c751e8b465ee728b)  -> (artifact id: 'ecc3be9af5dafaed88e2777262a1ec86') in 0.138685 seconds
  Import took 0.174834 seconds .

========================================================================
Received Import Request.
  Time since last request: 0.000259 seconds.
  path: Assets/AssetStoreTools/3DModels/Ultimate_Fantasy_Creator/Dungeons_Explorer_Kit/Prefabs/Dungeon_Building Pieces, Walls/Pillars/Group_3/Archway_Pillars_1B.prefab
  artifactKey: Guid(2627e2caef949e04f8bd393d3de645a2) Importer(815301076,1909f56bfc062723c751e8b465ee728b)
Start importing Assets/AssetStoreTools/3DModels/Ultimate_Fantasy_Creator/Dungeons_Explorer_Kit/Prefabs/Dungeon_Building Pieces, Walls/Pillars/Group_3/Archway_Pillars_1B.prefab using Guid(2627e2caef949e04f8bd393d3de645a2) Importer(815301076,1909f56bfc062723c751e8b465ee728b)  -> (artifact id: 'b6ee8dd688e19e065fc13ac5bff58b3b') in 0.036059 seconds
  Import took 0.074723 seconds .

========================================================================
Received Import Request.
  Time since last request: 0.000291 seconds.
  path: Assets/AssetStoreTools/3DModels/Ultimate_Fantasy_Creator/Dungeons_Explorer_Kit/Prefabs/Dungeon_Building Pieces, Walls/Altars, Podiums/Altar_Platform_1E.prefab
  artifactKey: Guid(40e520e69d6b9894384974e78cc70547) Importer(815301076,1909f56bfc062723c751e8b465ee728b)
Start importing Assets/AssetStoreTools/3DModels/Ultimate_Fantasy_Creator/Dungeons_Explorer_Kit/Prefabs/Dungeon_Building Pieces, Walls/Altars, Podiums/Altar_Platform_1E.prefab using Guid(40e520e69d6b9894384974e78cc70547) Importer(815301076,1909f56bfc062723c751e8b465ee728b)  -> (artifact id: '206d5b73c7160bdc3792c4ea3249821d') in 0.031360 seconds
  Import took 0.055529 seconds .

========================================================================
Received Import Request.
  Time since last request: 0.000287 seconds.
  path: Assets/AssetStoreTools/3DModels/Ultimate_Fantasy_Creator/Dungeons_Explorer_Kit/Prefabs/Dungeon_Building Pieces, Walls/Altars, Podiums/Altar_Pillar_1D.prefab
  artifactKey: Guid(0367bf418bb49a3459f0b02ff6ead5ae) Importer(815301076,1909f56bfc062723c751e8b465ee728b)
Start importing Assets/AssetStoreTools/3DModels/Ultimate_Fantasy_Creator/Dungeons_Explorer_Kit/Prefabs/Dungeon_Building Pieces, Walls/Altars, Podiums/Altar_Pillar_1D.prefab using Guid(0367bf418bb49a3459f0b02ff6ead5ae) Importer(815301076,1909f56bfc062723c751e8b465ee728b)  -> (artifact id: '8eff740524013102461c82a5be16cec0') in 0.082541 seconds
  Import took 0.089487 seconds .

========================================================================
Received Import Request.
  Time since last request: 0.000232 seconds.
  path: Assets/AssetStoreTools/Template/Procedural Worlds/Gaia/Water/Content Resources/Mesh/Water Sample.fbx
  artifactKey: Guid(fe05e88ee6e370747ba80c1afcf2023b) Importer(815301076,1909f56bfc062723c751e8b465ee728b)
Start importing Assets/AssetStoreTools/Template/Procedural Worlds/Gaia/Water/Content Resources/Mesh/Water Sample.fbx using Guid(fe05e88ee6e370747ba80c1afcf2023b) Importer(815301076,1909f56bfc062723c751e8b465ee728b)  -> (artifact id: '67506f2224f5f465a379113a7961c328') in 0.732659 seconds
  Import took 0.740829 seconds .

========================================================================
Received Import Request.
  Time since last request: 0.000260 seconds.
  path: Assets/AssetStoreTools/3DModels/Ultimate_Fantasy_Creator/Medieval_Housing_Creator/Prefabs/Town_Supply/Marketplace/Food/Apple_2.prefab
  artifactKey: Guid(a235b871f67497f40905d8fd1da1dd95) Importer(815301076,1909f56bfc062723c751e8b465ee728b)
Start importing Assets/AssetStoreTools/3DModels/Ultimate_Fantasy_Creator/Medieval_Housing_Creator/Prefabs/Town_Supply/Marketplace/Food/Apple_2.prefab using Guid(a235b871f67497f40905d8fd1da1dd95) Importer(815301076,1909f56bfc062723c751e8b465ee728b)  -> (artifact id: '913f1746039937feef4c6a3a57c69323') in 0.528605 seconds
  Import took 0.562589 seconds .

========================================================================
Received Import Request.
  Time since last request: 0.000280 seconds.
  path: Assets/AssetStoreTools/3DModels/Ultimate_Fantasy_Creator/Medieval_Housing_Creator/Prefabs/House_Extensions, Add-ons/Building_From_Scratch/Beams, Support/Advanced_Support_Frame_1A2.prefab
  artifactKey: Guid(1b20c531816f70649887112108a48037) Importer(815301076,1909f56bfc062723c751e8b465ee728b)
Start importing Assets/AssetStoreTools/3DModels/Ultimate_Fantasy_Creator/Medieval_Housing_Creator/Prefabs/House_Extensions, Add-ons/Building_From_Scratch/Beams, Support/Advanced_Support_Frame_1A2.prefab using Guid(1b20c531816f70649887112108a48037) Importer(815301076,1909f56bfc062723c751e8b465ee728b)  -> (artifact id: '1f3ab029ed22561c59f62c8e4324a2a0') in 0.046328 seconds
  Import took 0.070307 seconds .

========================================================================
Received Import Request.
  Time since last request: 0.000280 seconds.
  path: Assets/AssetStoreTools/3DModels/Ultimate_Fantasy_Creator/Medieval_Housing_Creator/Prefabs/Town_Supply/Marketplace/Shops, Stalls/1_Display_Case_Example_1A.prefab
  artifactKey: Guid(1c1e49b40d0cc56438e0121c99869f7a) Importer(815301076,1909f56bfc062723c751e8b465ee728b)
Start importing Assets/AssetStoreTools/3DModels/Ultimate_Fantasy_Creator/Medieval_Housing_Creator/Prefabs/Town_Supply/Marketplace/Shops, Stalls/1_Display_Case_Example_1A.prefab using Guid(1c1e49b40d0cc56438e0121c99869f7a) Importer(815301076,1909f56bfc062723c751e8b465ee728b)  -> (artifact id: '5405cebd5f7ad078f97786dd7f8e7965') in 0.164311 seconds
  Import took 0.190501 seconds .

========================================================================
Received Import Request.
  Time since last request: 0.000300 seconds.
  path: Assets/AssetStoreTools/3DModels/Ultimate_Fantasy_Creator/Dungeons_Explorer_Kit/Prefabs/Dungeon_Building Pieces, Walls/Pillars/Group_3/Archway_Pillars_1AC.prefab
  artifactKey: Guid(06499d492dcfac94fb4bedb495ff72a4) Importer(815301076,1909f56bfc062723c751e8b465ee728b)
Start importing Assets/AssetStoreTools/3DModels/Ultimate_Fantasy_Creator/Dungeons_Explorer_Kit/Prefabs/Dungeon_Building Pieces, Walls/Pillars/Group_3/Archway_Pillars_1AC.prefab using Guid(06499d492dcfac94fb4bedb495ff72a4) Importer(815301076,1909f56bfc062723c751e8b465ee728b)  -> (artifact id: 'ddc981a6f3150f98840e441a8fa4b841') in 0.034092 seconds
  Import took 0.070957 seconds .

========================================================================
Received Import Request.
  Time since last request: 0.000236 seconds.
  path: Assets/AssetStoreTools/3DModels/Ultimate_Fantasy_Creator/Medieval_Housing_Creator/Prefabs/Town_Supply/Marketplace/Shops, Stalls/1_Display_Case_Example_1C.prefab
  artifactKey: Guid(211381e72418f36469e236ea73491f1b) Importer(815301076,1909f56bfc062723c751e8b465ee728b)
Start importing Assets/AssetStoreTools/3DModels/Ultimate_Fantasy_Creator/Medieval_Housing_Creator/Prefabs/Town_Supply/Marketplace/Shops, Stalls/1_Display_Case_Example_1C.prefab using Guid(211381e72418f36469e236ea73491f1b) Importer(815301076,1909f56bfc062723c751e8b465ee728b)  -> (artifact id: '71b57b5db123153e7a18f3d6c0663f53') in 0.073966 seconds
  Import took 0.105525 seconds .

========================================================================
Received Import Request.
  Time since last request: 0.000217 seconds.
  path: Assets/AssetStoreTools/3DModels/Ultimate_Fantasy_Creator/Medieval_Housing_Creator/Prefabs/Town_Supply/Marketplace/Food/Apple_1.prefab
  artifactKey: Guid(7f96606dd2da92d46a48f4fe325e6ce7) Importer(815301076,1909f56bfc062723c751e8b465ee728b)
Start importing Assets/AssetStoreTools/3DModels/Ultimate_Fantasy_Creator/Medieval_Housing_Creator/Prefabs/Town_Supply/Marketplace/Food/Apple_1.prefab using Guid(7f96606dd2da92d46a48f4fe325e6ce7) Importer(815301076,1909f56bfc062723c751e8b465ee728b)  -> (artifact id: '6ccb314f830e5c163f59cefeb3143d06') in 0.063980 seconds
  Import took 0.070645 seconds .

========================================================================
Received Import Request.
  Time since last request: 0.000283 seconds.
  path: Assets/AssetStoreTools/Template/Procedural Worlds/Gaia/Asset Samples/Standard Assets/Characters/ThirdPersonCharacter/Prefabs/AIThirdPersonController.prefab
  artifactKey: Guid(54eb5844754051b40a918a84c33b7c1a) Importer(815301076,1909f56bfc062723c751e8b465ee728b)
Start importing Assets/AssetStoreTools/Template/Procedural Worlds/Gaia/Asset Samples/Standard Assets/Characters/ThirdPersonCharacter/Prefabs/AIThirdPersonController.prefab using Guid(54eb5844754051b40a918a84c33b7c1a) Importer(815301076,1909f56bfc062723c751e8b465ee728b)  -> (artifact id: 'd5b75982bf3833b01fbd7ad470560178') in 1.513846 seconds
  Import took 1.545117 seconds .

========================================================================
Received Import Request.
  Time since last request: 0.000291 seconds.
  path: Assets/AssetStoreTools/3DModels/Ultimate_Fantasy_Creator/Dungeons_Explorer_Kit/Prefabs/Dungeon_Building Pieces, Walls/Altars, Podiums/Altar_Pillar_1B.prefab
  artifactKey: Guid(00832b3664859bb408ea3aecceb771c7) Importer(815301076,1909f56bfc062723c751e8b465ee728b)
Start importing Assets/AssetStoreTools/3DModels/Ultimate_Fantasy_Creator/Dungeons_Explorer_Kit/Prefabs/Dungeon_Building Pieces, Walls/Altars, Podiums/Altar_Pillar_1B.prefab using Guid(00832b3664859bb408ea3aecceb771c7) Importer(815301076,1909f56bfc062723c751e8b465ee728b)  -> (artifact id: 'bb78b72056a90b123290f2a19bfedd51') in 0.058599 seconds
  Import took 0.083392 seconds .

========================================================================
Received Import Request.
  Time since last request: 0.000289 seconds.
  path: Assets/AssetStoreTools/Template/Gaia User Data/Sessions/GS-20210729 - 110646/Session Operations/20210729-111328 Spawning - Multiple Spawners (12).asset
  artifactKey: Guid(684752b66b4cec84c97cbe69fd0784bb) Importer(815301076,1909f56bfc062723c751e8b465ee728b)
Start importing Assets/AssetStoreTools/Template/Gaia User Data/Sessions/GS-20210729 - 110646/Session Operations/20210729-111328 Spawning - Multiple Spawners (12).asset using Guid(684752b66b4cec84c97cbe69fd0784bb) Importer(815301076,1909f56bfc062723c751e8b465ee728b)  -> (artifact id: '7a2c23400b83c4157d8c4d45f60c9e47') in 0.321380 seconds
  Import took 0.378870 seconds .

========================================================================
Received Import Request.
  Time since last request: 0.000253 seconds.
  path: Assets/AssetStoreTools/Anim/SwordAnimsetPro/Attack_Move_slow_Lup.fbx
  artifactKey: Guid(7aae4195d1959d74ca2f13607e7ddeed) Importer(815301076,1909f56bfc062723c751e8b465ee728b)
Start importing Assets/AssetStoreTools/Anim/SwordAnimsetPro/Attack_Move_slow_Lup.fbx using Guid(7aae4195d1959d74ca2f13607e7ddeed) Importer(815301076,1909f56bfc062723c751e8b465ee728b)  -> (artifact id: '792010fb08bf0a8686a3014df487a80e') in 0.479167 seconds
  Import took 0.527342 seconds .

========================================================================
Received Import Request.
  Time since last request: 0.000306 seconds.
  path: Assets/AssetStoreTools/Template/Procedural Worlds/Gaia/Lighting/Content Resources/High Definition Pipeline/Lighting Profiles/2019_3 Default HDRP Post Processing Profile.asset
  artifactKey: Guid(ffd86407eb99477488abb157d2961071) Importer(815301076,1909f56bfc062723c751e8b465ee728b)
Start importing Assets/AssetStoreTools/Template/Procedural Worlds/Gaia/Lighting/Content Resources/High Definition Pipeline/Lighting Profiles/2019_3 Default HDRP Post Processing Profile.asset using Guid(ffd86407eb99477488abb157d2961071) Importer(815301076,1909f56bfc062723c751e8b465ee728b)  -> (artifact id: '9df56595cf6701b64b3d143b6df28c7b') in 0.024993 seconds
  Import took 0.050631 seconds .

========================================================================
Received Import Request.
  Time since last request: 0.000287 seconds.
  path: Assets/AssetStoreTools/3DModels/Ultimate_Fantasy_Creator/Medieval_Housing_Creator/Prefabs/Town_Supply/Marketplace/Shops, Stalls/1_Display_Case_Example_1B.prefab
  artifactKey: Guid(0f8e42fc846a2964ebf0e73107aaebd1) Importer(815301076,1909f56bfc062723c751e8b465ee728b)
Start importing Assets/AssetStoreTools/3DModels/Ultimate_Fantasy_Creator/Medieval_Housing_Creator/Prefabs/Town_Supply/Marketplace/Shops, Stalls/1_Display_Case_Example_1B.prefab using Guid(0f8e42fc846a2964ebf0e73107aaebd1) Importer(815301076,1909f56bfc062723c751e8b465ee728b)  -> (artifact id: '6a624ac4791f0268301631fae9774c43') in 0.037987 seconds
  Import took 0.068133 seconds .

========================================================================
Received Import Request.
  Time since last request: 0.000300 seconds.
  path: Assets/AssetStoreTools/3DModels/Ultimate_Fantasy_Creator/Dungeons_Explorer_Kit/Prefabs/Dungeon_Building Pieces, Walls/Altars, Podiums/Altar_Platform_2B.prefab
  artifactKey: Guid(f8a35b38039253b469ac6c0433456542) Importer(815301076,1909f56bfc062723c751e8b465ee728b)
Start importing Assets/AssetStoreTools/3DModels/Ultimate_Fantasy_Creator/Dungeons_Explorer_Kit/Prefabs/Dungeon_Building Pieces, Walls/Altars, Podiums/Altar_Platform_2B.prefab using Guid(f8a35b38039253b469ac6c0433456542) Importer(815301076,1909f56bfc062723c751e8b465ee728b)  -> (artifact id: 'a7a5f75fbc2b46603acdb7451ba9b48d') in 0.035395 seconds
  Import took 0.057422 seconds .

========================================================================
Received Import Request.
  Time since last request: 0.000309 seconds.
  path: Assets/AssetStoreTools/3DModels/Ultimate_Fantasy_Creator/Dungeons_Explorer_Kit/Prefabs/Dungeon_Building Pieces, Walls/Walls/Editor_Made/2-Sided_Detailed_Wall_1A.prefab
  artifactKey: Guid(4d247ac8e9e671945a6d8c7acdd74ff4) Importer(815301076,1909f56bfc062723c751e8b465ee728b)
Start importing Assets/AssetStoreTools/3DModels/Ultimate_Fantasy_Creator/Dungeons_Explorer_Kit/Prefabs/Dungeon_Building Pieces, Walls/Walls/Editor_Made/2-Sided_Detailed_Wall_1A.prefab using Guid(4d247ac8e9e671945a6d8c7acdd74ff4) Importer(815301076,1909f56bfc062723c751e8b465ee728b)  -> (artifact id: '920219949953e584316d5bd3a754eb23') in 0.496493 seconds
  Import took 0.522627 seconds .

========================================================================
Received Import Request.
  Time since last request: 0.000321 seconds.
  path: Assets/AssetStoreTools/Template/Gaia User Data/Sessions/GS-20210726 - 090958/Session Operations/20210726-093927 Clearing - Trees Details GOs SpawnExt Probes, CurrentTerrainOnly, AnySource.asset
  artifactKey: Guid(083d060ad8efda848a4bae9a367d4ab2) Importer(815301076,1909f56bfc062723c751e8b465ee728b)
Start importing Assets/AssetStoreTools/Template/Gaia User Data/Sessions/GS-20210726 - 090958/Session Operations/20210726-093927 Clearing - Trees Details GOs SpawnExt Probes, CurrentTerrainOnly, AnySource.asset using Guid(083d060ad8efda848a4bae9a367d4ab2) Importer(815301076,1909f56bfc062723c751e8b465ee728b)  -> (artifact id: 'a794dcff71fef7f1990e6ca7a22b01c8') in 0.243386 seconds
  Import took 0.286826 seconds .

========================================================================
Received Import Request.
  Time since last request: 0.000268 seconds.
  path: Assets/AssetStoreTools/Template/Gaia User Data/Sessions/GS-20210726 - 090958/Session Operations/20210726-094056 Spawning - Multiple Spawners (13).asset
  artifactKey: Guid(37555adfa2fb3d94f9bd27554e3450ea) Importer(815301076,1909f56bfc062723c751e8b465ee728b)
Start importing Assets/AssetStoreTools/Template/Gaia User Data/Sessions/GS-20210726 - 090958/Session Operations/20210726-094056 Spawning - Multiple Spawners (13).asset using Guid(37555adfa2fb3d94f9bd27554e3450ea) Importer(815301076,1909f56bfc062723c751e8b465ee728b)  -> (artifact id: '315774ff2b9cca3c24996e525e37939d') in 0.264873 seconds
  Import took 0.292303 seconds .

========================================================================
Received Import Request.
  Time since last request: 0.000252 seconds.
  path: Assets/AssetStoreTools/3DModels/Ultimate_Fantasy_Creator/Dungeons_Explorer_Kit/Prefabs/Dungeon_Building Pieces, Walls/Altars, Podiums/Altar_Platform_1B.prefab
  artifactKey: Guid(b7f828f6bc479ed4093f2b4c7f8c0e13) Importer(815301076,1909f56bfc062723c751e8b465ee728b)
Start importing Assets/AssetStoreTools/3DModels/Ultimate_Fantasy_Creator/Dungeons_Explorer_Kit/Prefabs/Dungeon_Building Pieces, Walls/Altars, Podiums/Altar_Platform_1B.prefab using Guid(b7f828f6bc479ed4093f2b4c7f8c0e13) Importer(815301076,1909f56bfc062723c751e8b465ee728b)  -> (artifact id: 'fee9dc987bd7bc08e4366e0529006991') in 0.032792 seconds
  Import took 0.062932 seconds .

========================================================================
Received Import Request.
  Time since last request: 0.000287 seconds.
  path: Assets/AssetStoreTools/3DModels/Ultimate_Fantasy_Creator/Dungeons_Explorer_Kit/Prefabs/Dungeon_Building Pieces, Walls/Altars, Podiums/Altar_Pillar_1A.prefab
  artifactKey: Guid(39259f206da52b849ab2e1dcc81c177d) Importer(815301076,1909f56bfc062723c751e8b465ee728b)
Start importing Assets/AssetStoreTools/3DModels/Ultimate_Fantasy_Creator/Dungeons_Explorer_Kit/Prefabs/Dungeon_Building Pieces, Walls/Altars, Podiums/Altar_Pillar_1A.prefab using Guid(39259f206da52b849ab2e1dcc81c177d) Importer(815301076,1909f56bfc062723c751e8b465ee728b)  -> (artifact id: '013f63b9c301ecfd2420e21fb28fcc41') in 0.108008 seconds
  Import took 0.142757 seconds .

========================================================================
Received Import Request.
  Time since last request: 0.000288 seconds.
  path: Assets/AssetStoreTools/Template/Gaia User Data/Sessions/GS-20210726 - 090958/Session Operations/20210726-093216 Spawning - Multiple Spawners (12).asset
  artifactKey: Guid(ac6f23ec3d0124141a14a6c5efb4ad32) Importer(815301076,1909f56bfc062723c751e8b465ee728b)
Start importing Assets/AssetStoreTools/Template/Gaia User Data/Sessions/GS-20210726 - 090958/Session Operations/20210726-093216 Spawning - Multiple Spawners (12).asset using Guid(ac6f23ec3d0124141a14a6c5efb4ad32) Importer(815301076,1909f56bfc062723c751e8b465ee728b)  -> (artifact id: '731bf52aa56a68b11d411e4dfa955001') in 0.241663 seconds
  Import took 0.287878 seconds .

========================================================================
Received Import Request.
  Time since last request: 0.000225 seconds.
  path: Assets/AssetStoreTools/3DModels/Ultimate_Fantasy_Creator/Dungeons_Explorer_Kit/Prefabs/Dungeon_Building Pieces, Walls/Altars, Podiums/Altar_Platform_2C.prefab
  artifactKey: Guid(94b6587176945554dbf05670bf244a92) Importer(815301076,1909f56bfc062723c751e8b465ee728b)
Start importing Assets/AssetStoreTools/3DModels/Ultimate_Fantasy_Creator/Dungeons_Explorer_Kit/Prefabs/Dungeon_Building Pieces, Walls/Altars, Podiums/Altar_Platform_2C.prefab using Guid(94b6587176945554dbf05670bf244a92) Importer(815301076,1909f56bfc062723c751e8b465ee728b)  -> (artifact id: 'f06ea2b96259b5c15ef5318411b68d61') in 0.015358 seconds
  Import took 0.035296 seconds .

========================================================================
Received Import Request.
  Time since last request: 0.000208 seconds.
  path: Assets/AssetStoreTools/3DModels/Ultimate_Fantasy_Creator/Dungeons_Explorer_Kit/Prefabs/Dungeon_Building Pieces, Walls/Pillars/Group_3/Archway_Pillars_1AD.prefab
  artifactKey: Guid(3d180c214b40298408f68e29cc3dd348) Importer(815301076,1909f56bfc062723c751e8b465ee728b)
Start importing Assets/AssetStoreTools/3DModels/Ultimate_Fantasy_Creator/Dungeons_Explorer_Kit/Prefabs/Dungeon_Building Pieces, Walls/Pillars/Group_3/Archway_Pillars_1AD.prefab using Guid(3d180c214b40298408f68e29cc3dd348) Importer(815301076,1909f56bfc062723c751e8b465ee728b)  -> (artifact id: '302434c62359aaae764acfabdce493f3') in 0.040205 seconds
  Import took 0.065480 seconds .

========================================================================
Received Import Request.
  Time since last request: 0.000277 seconds.
  path: Assets/AssetStoreTools/3DModels/Ultimate_Fantasy_Creator/Dungeons_Explorer_Kit/Prefabs/Dungeon_Building Pieces, Walls/Altars, Podiums/Altar_Platform_1D.prefab
  artifactKey: Guid(dacf018f527a9a244997c67d981f5369) Importer(815301076,1909f56bfc062723c751e8b465ee728b)
Start importing Assets/AssetStoreTools/3DModels/Ultimate_Fantasy_Creator/Dungeons_Explorer_Kit/Prefabs/Dungeon_Building Pieces, Walls/Altars, Podiums/Altar_Platform_1D.prefab using Guid(dacf018f527a9a244997c67d981f5369) Importer(815301076,1909f56bfc062723c751e8b465ee728b)  -> (artifact id: 'd3b7ba1975f70e1156a95fa23fbdd86a') in 0.041359 seconds
  Import took 0.079481 seconds .

========================================================================
Received Import Request.
  Time since last request: 0.000229 seconds.
  path: Assets/AssetStoreTools/Template/Gaia User Data/Sessions/GS-20210726 - 084512/Session Operations/20210726-085209 Spawning - Multiple Spawners (11).asset
  artifactKey: Guid(89875d5cc2de4374587587a9e01e27e7) Importer(815301076,1909f56bfc062723c751e8b465ee728b)
Start importing Assets/AssetStoreTools/Template/Gaia User Data/Sessions/GS-20210726 - 084512/Session Operations/20210726-085209 Spawning - Multiple Spawners (11).asset using Guid(89875d5cc2de4374587587a9e01e27e7) Importer(815301076,1909f56bfc062723c751e8b465ee728b)  -> (artifact id: 'b6d84009867ddff588a1ddcd2660ddd1') in 0.295905 seconds
  Import took 0.340657 seconds .

========================================================================
Received Import Request.
  Time since last request: 0.000263 seconds.
  path: Assets/AssetStoreTools/Template/Procedural Worlds/Gaia/Settings/Terrain Export Defaults/01 Export To OBJ Files.asset
  artifactKey: Guid(e2f4c9ca1bbf7e14f8cf0968afef1545) Importer(815301076,1909f56bfc062723c751e8b465ee728b)
Start importing Assets/AssetStoreTools/Template/Procedural Worlds/Gaia/Settings/Terrain Export Defaults/01 Export To OBJ Files.asset using Guid(e2f4c9ca1bbf7e14f8cf0968afef1545) Importer(815301076,1909f56bfc062723c751e8b465ee728b)  -> (artifact id: 'b30fe63bcb44955d5428e115fc7dc883') in 0.026893 seconds
  Import took 0.097144 seconds .

========================================================================
Received Import Request.
  Time since last request: 0.000649 seconds.
  path: Assets/AssetStoreTools/Template/Procedural Worlds/Gaia/Asset Samples/Standard Assets/Vehicles/Car/Audio/AccelerationHigh.wav
  artifactKey: Guid(03e3bd08a6e70684dbe299a3e185fdd2) Importer(815301076,1909f56bfc062723c751e8b465ee728b)
Start importing Assets/AssetStoreTools/Template/Procedural Worlds/Gaia/Asset Samples/Standard Assets/Vehicles/Car/Audio/AccelerationHigh.wav using Guid(03e3bd08a6e70684dbe299a3e185fdd2) Importer(815301076,1909f56bfc062723c751e8b465ee728b)  -> (artifact id: '2056a4ceb653ea08fbc05d37aaeaf316') in 0.092955 seconds
  Import took 0.104910 seconds .

========================================================================
Received Import Request.
  Time since last request: 0.000305 seconds.
  path: Assets/AssetStoreTools/3DModels/Ultimate_Fantasy_Creator/Dungeons_Explorer_Kit/Prefabs/Dungeon_Building Pieces, Walls/Altars, Podiums/Altar_Platform_1F.prefab
  artifactKey: Guid(135d850cc2d77b04cb0d58b6956f504b) Importer(815301076,1909f56bfc062723c751e8b465ee728b)
Start importing Assets/AssetStoreTools/3DModels/Ultimate_Fantasy_Creator/Dungeons_Explorer_Kit/Prefabs/Dungeon_Building Pieces, Walls/Altars, Podiums/Altar_Platform_1F.prefab using Guid(135d850cc2d77b04cb0d58b6956f504b) Importer(815301076,1909f56bfc062723c751e8b465ee728b)  -> (artifact id: 'b7aaf958b378dc551e0cece1b44c8a44') in 0.024605 seconds
  Import took 0.063741 seconds .

========================================================================
Received Import Request.
  Time since last request: 0.000246 seconds.
  path: Assets/AssetStoreTools/3DModels/Ultimate_Fantasy_Creator/Medieval_Housing_Creator/Prefabs/House_Extensions, Add-ons/Building_From_Scratch/Beams, Support/Advanced_Support_Frame_1B.prefab
  artifactKey: Guid(b7fcc0af2ba663c44bbe9760d8169c3b) Importer(815301076,1909f56bfc062723c751e8b465ee728b)
Start importing Assets/AssetStoreTools/3DModels/Ultimate_Fantasy_Creator/Medieval_Housing_Creator/Prefabs/House_Extensions, Add-ons/Building_From_Scratch/Beams, Support/Advanced_Support_Frame_1B.prefab using Guid(b7fcc0af2ba663c44bbe9760d8169c3b) Importer(815301076,1909f56bfc062723c751e8b465ee728b)  -> (artifact id: '9a9c4d25f4c36de4274058cead47904a') in 0.038983 seconds
  Import took 0.077158 seconds .

========================================================================
Received Import Request.
  Time since last request: 0.000212 seconds.
  path: Assets/AssetStoreTools/Template/Gaia User Data/Sessions/GS-20210726 - 084512/Session Operations/20210726-085706 Clearing - Trees, CurrentTerrainOnly, AnySource.asset
  artifactKey: Guid(eefc1f849097b844c93df2d9562a2d63) Importer(815301076,1909f56bfc062723c751e8b465ee728b)
Start importing Assets/AssetStoreTools/Template/Gaia User Data/Sessions/GS-20210726 - 084512/Session Operations/20210726-085706 Clearing - Trees, CurrentTerrainOnly, AnySource.asset using Guid(eefc1f849097b844c93df2d9562a2d63) Importer(815301076,1909f56bfc062723c751e8b465ee728b)  -> (artifact id: 'acca700d37d3b575abda8e377aecbf00') in 0.299239 seconds
  Import took 0.361663 seconds .

========================================================================
Received Import Request.
  Time since last request: 0.000398 seconds.
  path: Assets/AssetStoreTools/3DModels/Ultimate_Fantasy_Creator/Dungeons_Explorer_Kit/Prefabs/Dungeon_Building Pieces, Walls/Altars, Podiums/Altar_Pillar_1C.prefab
  artifactKey: Guid(a4f3356219485cf459f18ad32a41c2cd) Importer(815301076,1909f56bfc062723c751e8b465ee728b)
Start importing Assets/AssetStoreTools/3DModels/Ultimate_Fantasy_Creator/Dungeons_Explorer_Kit/Prefabs/Dungeon_Building Pieces, Walls/Altars, Podiums/Altar_Pillar_1C.prefab using Guid(a4f3356219485cf459f18ad32a41c2cd) Importer(815301076,1909f56bfc062723c751e8b465ee728b)  -> (artifact id: 'af54044c8f3e1750f73ea73aa2122cb5') in 0.055831 seconds
  Import took 0.065098 seconds .

========================================================================
Received Import Request.
  Time since last request: 0.000264 seconds.
  path: Assets/AssetStoreTools/3DModels/Ultimate_Fantasy_Creator/Dungeons_Explorer_Kit/Prefabs/Dungeon_Building Pieces, Walls/Altars, Podiums/Altar_Platform_2E.prefab
  artifactKey: Guid(5444d935ce7782f4f9a04d94315ccf3a) Importer(815301076,1909f56bfc062723c751e8b465ee728b)
Start importing Assets/AssetStoreTools/3DModels/Ultimate_Fantasy_Creator/Dungeons_Explorer_Kit/Prefabs/Dungeon_Building Pieces, Walls/Altars, Podiums/Altar_Platform_2E.prefab using Guid(5444d935ce7782f4f9a04d94315ccf3a) Importer(815301076,1909f56bfc062723c751e8b465ee728b)  -> (artifact id: '2d33f54f73befc90ea0c360101964ad7') in 0.032609 seconds
  Import took 0.067860 seconds .

========================================================================
Received Import Request.
  Time since last request: 0.000245 seconds.
  path: Assets/AssetStoreTools/3DModels/Ultimate_Fantasy_Creator/Medieval_Housing_Creator/Prefabs/Town_Supply/Marketplace/Food/Apple_3.prefab
  artifactKey: Guid(8f5b203a039583e48aa8e1c8de297eab) Importer(815301076,1909f56bfc062723c751e8b465ee728b)
Start importing Assets/AssetStoreTools/3DModels/Ultimate_Fantasy_Creator/Medieval_Housing_Creator/Prefabs/Town_Supply/Marketplace/Food/Apple_3.prefab using Guid(8f5b203a039583e48aa8e1c8de297eab) Importer(815301076,1909f56bfc062723c751e8b465ee728b)  -> (artifact id: '9bd619f447690a067ca66340ce114c89') in 0.047944 seconds
  Import took 0.077504 seconds .

========================================================================
Received Import Request.
  Time since last request: 213.727078 seconds.
  path: Assets/AssetStoreTools/3DModels/Ultimate_Fantasy_Creator/(NEW) PBR Update/(NEW) Houses and Castle/Textures/Olde_House_Map_1A1 Normal.png
  artifactKey: Guid(33ba37d28165ea34f81dafbc6078d2b7) Importer(815301076,1909f56bfc062723c751e8b465ee728b)
Start importing Assets/AssetStoreTools/3DModels/Ultimate_Fantasy_Creator/(NEW) PBR Update/(NEW) Houses and Castle/Textures/Olde_House_Map_1A1 Normal.png using Guid(33ba37d28165ea34f81dafbc6078d2b7) Importer(815301076,1909f56bfc062723c751e8b465ee728b)  -> (artifact id: '65e04f904d6b2aa167a7581447456681') in 0.992781 seconds
  Import took 1.082936 seconds .

========================================================================
Received Import Request.
  Time since last request: 0.000276 seconds.
  path: Assets/AssetStoreTools/3DModels/Ultimate_Fantasy_Creator/(NEW) PBR Update/(NEW) Houses and Castle/Textures/Olde_House_Map_1A1 Secondary.png
  artifactKey: Guid(06b2e9dcd9093a741a9151ad7afd629c) Importer(815301076,1909f56bfc062723c751e8b465ee728b)
Start importing Assets/AssetStoreTools/3DModels/Ultimate_Fantasy_Creator/(NEW) PBR Update/(NEW) Houses and Castle/Textures/Olde_House_Map_1A1 Secondary.png using Guid(06b2e9dcd9093a741a9151ad7afd629c) Importer(815301076,1909f56bfc062723c751e8b465ee728b)  -> (artifact id: '7e939085793169d9af30e86ebef94196') in 0.157350 seconds
  Import took 0.166205 seconds .

========================================================================
Received Import Request.
  Time since last request: 0.000232 seconds.
  path: Assets/AssetStoreTools/3DModels/Ultimate_Fantasy_Creator/(NEW) PBR Update/(NEW) Houses and Castle/Textures/Olde_House_Map_1A1 Normal.png
  artifactKey: Guid(33ba37d28165ea34f81dafbc6078d2b7) Importer(815301076,1909f56bfc062723c751e8b465ee728b)
Start importing Assets/AssetStoreTools/3DModels/Ultimate_Fantasy_Creator/(NEW) PBR Update/(NEW) Houses and Castle/Textures/Olde_House_Map_1A1 Normal.png using Guid(33ba37d28165ea34f81dafbc6078d2b7) Importer(815301076,1909f56bfc062723c751e8b465ee728b)  -> (artifact id: '65e04f904d6b2aa167a7581447456681') in 0.017968 seconds
  Import took 0.028088 seconds .

========================================================================
Received Import Request.
  Time since last request: 0.000246 seconds.
  path: Assets/AssetStoreTools/3DModels/Ultimate_Fantasy_Creator/(NEW) PBR Update/(NEW) Houses and Castle/Textures/Olde_House_Map_1A1 Secondary.png
  artifactKey: Guid(06b2e9dcd9093a741a9151ad7afd629c) Importer(815301076,1909f56bfc062723c751e8b465ee728b)
Start importing Assets/AssetStoreTools/3DModels/Ultimate_Fantasy_Creator/(NEW) PBR Update/(NEW) Houses and Castle/Textures/Olde_House_Map_1A1 Secondary.png using Guid(06b2e9dcd9093a741a9151ad7afd629c) Importer(815301076,1909f56bfc062723c751e8b465ee728b)  -> (artifact id: '7e939085793169d9af30e86ebef94196') in 0.013344 seconds
  Import took 0.022491 seconds .

========================================================================
Received Import Request.
  Time since last request: 59.203491 seconds.
  path: Assets/Art/Data/Prefabs/ScriptObject/PauseScript.prefab
  artifactKey: Guid(5259c40cd4a037b479b6940d130ed3c7) Importer(815301076,1909f56bfc062723c751e8b465ee728b)
Start importing Assets/Art/Data/Prefabs/ScriptObject/PauseScript.prefab using Guid(5259c40cd4a037b479b6940d130ed3c7) Importer(815301076,1909f56bfc062723c751e8b465ee728b)  -> (artifact id: '1b170e413beee4c06710c5206d13a2a4') in 0.010362 seconds
  Import took 0.054478 seconds .

========================================================================
Received Import Request.
  Time since last request: 3.397975 seconds.
  path: Assets/AssetStoreTools/3DModels/Wolf3D/RPM Avatar Pack/Models/FBX/Male/Male_04/V02/Male_04_V02.fbx
  artifactKey: Guid(5d7d86aa5f7df90458497031d939c676) Importer(815301076,1909f56bfc062723c751e8b465ee728b)
Start importing Assets/AssetStoreTools/3DModels/Wolf3D/RPM Avatar Pack/Models/FBX/Male/Male_04/V02/Male_04_V02.fbx using Guid(5d7d86aa5f7df90458497031d939c676) Importer(815301076,1909f56bfc062723c751e8b465ee728b)  -> (artifact id: 'e125be4e3ccf0c5b87aa6e99c83f1457') in 1.968481 seconds
  Import took 2.032510 seconds .

========================================================================
Received Import Request.
  Time since last request: 7.054946 seconds.
  path: Assets/AssetStoreTools/3DModels/Ultimate_Fantasy_Creator/Dungeons_Explorer_Kit/Prefabs/Dungeon_Building Pieces, Walls/Walls/_With Railings/2M_Wall_Railing_1A.prefab
  artifactKey: Guid(aac7994102ff17c4ca950747ef583775) Importer(815301076,1909f56bfc062723c751e8b465ee728b)
Start importing Assets/AssetStoreTools/3DModels/Ultimate_Fantasy_Creator/Dungeons_Explorer_Kit/Prefabs/Dungeon_Building Pieces, Walls/Walls/_With Railings/2M_Wall_Railing_1A.prefab using Guid(aac7994102ff17c4ca950747ef583775) Importer(815301076,1909f56bfc062723c751e8b465ee728b)  -> (artifact id: '09b5148738f2c5f15662ed0c463f76ef') in 0.227941 seconds
  Import took 0.269529 seconds .

========================================================================
Received Import Request.
  Time since last request: 0.000309 seconds.
  path: Assets/AssetStoreTools/3DModels/Ultimate_Fantasy_Creator/Dungeons_Explorer_Kit/Prefabs/Dungeon_Building Pieces, Walls/Tunnels, Bridges/Archway_Tunnel_2B.prefab
  artifactKey: Guid(b20d4e16b87ba074ea4f815821b92dce) Importer(815301076,1909f56bfc062723c751e8b465ee728b)
Start importing Assets/AssetStoreTools/3DModels/Ultimate_Fantasy_Creator/Dungeons_Explorer_Kit/Prefabs/Dungeon_Building Pieces, Walls/Tunnels, Bridges/Archway_Tunnel_2B.prefab using Guid(b20d4e16b87ba074ea4f815821b92dce) Importer(815301076,1909f56bfc062723c751e8b465ee728b)  -> (artifact id: 'e6b4b300f22894fa9d16ef4061b12ba0') in 0.204536 seconds
  Import took 0.276260 seconds .

========================================================================
Received Import Request.
  Time since last request: 0.000287 seconds.
  path: Assets/AssetStoreTools/3DModels/Ultimate_Fantasy_Creator/Dungeons_Explorer_Kit/Prefabs/Dungeon_Building Pieces, Walls/Tunnels, Bridges/Archway_Tunnel_2F.prefab
  artifactKey: Guid(c7c2297bcb41a7a41a948172d066efa7) Importer(815301076,1909f56bfc062723c751e8b465ee728b)
Start importing Assets/AssetStoreTools/3DModels/Ultimate_Fantasy_Creator/Dungeons_Explorer_Kit/Prefabs/Dungeon_Building Pieces, Walls/Tunnels, Bridges/Archway_Tunnel_2F.prefab using Guid(c7c2297bcb41a7a41a948172d066efa7) Importer(815301076,1909f56bfc062723c751e8b465ee728b)  -> (artifact id: 'c46ed5b8f47561359a83e72a10d87c29') in 0.090420 seconds
  Import took 0.098800 seconds .

========================================================================
Received Import Request.
  Time since last request: 0.000270 seconds.
  path: Assets/AssetStoreTools/3DModels/Ultimate_Fantasy_Creator/Dungeons_Explorer_Kit/Prefabs/Dungeon_Building Pieces, Walls/Altars, Podiums/Altar_1B.prefab
  artifactKey: Guid(25741ff7ea59e2d4b858a62203d98a0a) Importer(815301076,1909f56bfc062723c751e8b465ee728b)
Start importing Assets/AssetStoreTools/3DModels/Ultimate_Fantasy_Creator/Dungeons_Explorer_Kit/Prefabs/Dungeon_Building Pieces, Walls/Altars, Podiums/Altar_1B.prefab using Guid(25741ff7ea59e2d4b858a62203d98a0a) Importer(815301076,1909f56bfc062723c751e8b465ee728b)  -> (artifact id: '8b8cb8cae8bddbd4b307d93e24e449c1') in 0.129147 seconds
  Import took 0.170518 seconds .

========================================================================
Received Import Request.
  Time since last request: 0.000292 seconds.
  path: Assets/AssetStoreTools/3DModels/Ultimate_Fantasy_Creator/Dungeons_Explorer_Kit/Prefabs/Dungeon_Building Pieces, Walls/Floors/Editor_Made/Balcony_1A(Stairs_3).prefab
  artifactKey: Guid(583b166157d912444bda3784e9d652fa) Importer(815301076,1909f56bfc062723c751e8b465ee728b)
Start importing Assets/AssetStoreTools/3DModels/Ultimate_Fantasy_Creator/Dungeons_Explorer_Kit/Prefabs/Dungeon_Building Pieces, Walls/Floors/Editor_Made/Balcony_1A(Stairs_3).prefab using Guid(583b166157d912444bda3784e9d652fa) Importer(815301076,1909f56bfc062723c751e8b465ee728b)  -> (artifact id: 'fc41aad2c7f663caacc96300f2501b32') in 0.493939 seconds
  Import took 0.534451 seconds .

========================================================================
Received Import Request.
  Time since last request: 0.000272 seconds.
  path: Assets/AssetStoreTools/3DModels/Ultimate_Fantasy_Creator/Dungeons_Explorer_Kit/Prefabs/Dungeon_Building Pieces, Walls/Tunnels, Bridges/Archway_Tunnel_1E.prefab
  artifactKey: Guid(d4cc54d0f09680349a175d0de0f48bf7) Importer(815301076,1909f56bfc062723c751e8b465ee728b)
Start importing Assets/AssetStoreTools/3DModels/Ultimate_Fantasy_Creator/Dungeons_Explorer_Kit/Prefabs/Dungeon_Building Pieces, Walls/Tunnels, Bridges/Archway_Tunnel_1E.prefab using Guid(d4cc54d0f09680349a175d0de0f48bf7) Importer(815301076,1909f56bfc062723c751e8b465ee728b)  -> (artifact id: '8705681be717736d51928742265c3a75') in 0.082911 seconds
  Import took 0.111109 seconds .

========================================================================
Received Import Request.
  Time since last request: 0.001776 seconds.
  path: Assets/AssetStoreTools/3DModels/Ultimate_Fantasy_Creator/Dungeons_Explorer_Kit/Prefabs/Dungeon_Building Pieces, Walls/Tunnels, Bridges/Archway_Tunnel_2D.prefab
  artifactKey: Guid(f114dfffb0de2bf46b3ef54840d71dd6) Importer(815301076,1909f56bfc062723c751e8b465ee728b)
Start importing Assets/AssetStoreTools/3DModels/Ultimate_Fantasy_Creator/Dungeons_Explorer_Kit/Prefabs/Dungeon_Building Pieces, Walls/Tunnels, Bridges/Archway_Tunnel_2D.prefab using Guid(f114dfffb0de2bf46b3ef54840d71dd6) Importer(815301076,1909f56bfc062723c751e8b465ee728b)  -> (artifact id: 'c206f6a998594496823f6dea203f1d24') in 0.049434 seconds
  Import took 0.079888 seconds .

========================================================================
Received Import Request.
  Time since last request: 0.000262 seconds.
  path: Assets/AssetStoreTools/3DModels/Ultimate_Fantasy_Creator/Dungeons_Explorer_Kit/Prefabs/Dungeon_Building Pieces, Walls/Floors/Editor_Made/Balcony_1A.prefab
  artifactKey: Guid(16b0fe2ce53f59942bd6a66c67eb7858) Importer(815301076,1909f56bfc062723c751e8b465ee728b)
Start importing Assets/AssetStoreTools/3DModels/Ultimate_Fantasy_Creator/Dungeons_Explorer_Kit/Prefabs/Dungeon_Building Pieces, Walls/Floors/Editor_Made/Balcony_1A.prefab using Guid(16b0fe2ce53f59942bd6a66c67eb7858) Importer(815301076,1909f56bfc062723c751e8b465ee728b)  -> (artifact id: '4e11b9816299260d78e5eea7d87c35c0') in 0.050806 seconds
  Import took 0.079815 seconds .

========================================================================
Received Import Request.
  Time since last request: 0.000264 seconds.
  path: Assets/AssetStoreTools/3DModels/Ultimate_Fantasy_Creator/Dungeons_Explorer_Kit/Prefabs/Dungeon_Building Pieces, Walls/Floors/Editor_Made/Balcony_1A(Stairs_4).prefab
  artifactKey: Guid(096a41c533d38574d8b8e677918cd01f) Importer(815301076,1909f56bfc062723c751e8b465ee728b)
Start importing Assets/AssetStoreTools/3DModels/Ultimate_Fantasy_Creator/Dungeons_Explorer_Kit/Prefabs/Dungeon_Building Pieces, Walls/Floors/Editor_Made/Balcony_1A(Stairs_4).prefab using Guid(096a41c533d38574d8b8e677918cd01f) Importer(815301076,1909f56bfc062723c751e8b465ee728b)  -> (artifact id: 'f499d02788eacb72562df688a83cb93c') in 0.232593 seconds
  Import took 0.272674 seconds .

========================================================================
Received Import Request.
  Time since last request: 0.000302 seconds.
  path: Assets/AssetStoreTools/3DModels/Ultimate_Fantasy_Creator/Dungeons_Explorer_Kit/Prefabs/Dungeon_Building Pieces, Walls/Floors/Editor_Made/Balcony_1A(Stairs_2).prefab
  artifactKey: Guid(91464e0385373b34ba47ec2b5db510ab) Importer(815301076,1909f56bfc062723c751e8b465ee728b)
Start importing Assets/AssetStoreTools/3DModels/Ultimate_Fantasy_Creator/Dungeons_Explorer_Kit/Prefabs/Dungeon_Building Pieces, Walls/Floors/Editor_Made/Balcony_1A(Stairs_2).prefab using Guid(91464e0385373b34ba47ec2b5db510ab) Importer(815301076,1909f56bfc062723c751e8b465ee728b)  -> (artifact id: 'ebd4bb9af3d9c36ccff71555a95d6594') in 0.046668 seconds
  Import took 0.075860 seconds .

========================================================================
Received Import Request.
  Time since last request: 0.000214 seconds.
  path: Assets/AssetStoreTools/3DModels/Ultimate_Fantasy_Creator/Dungeons_Explorer_Kit/Prefabs/Dungeon_Building Pieces, Walls/Floors/Editor_Made/Balcony_1A(Stairs_1).prefab
  artifactKey: Guid(d660b1445b96fa84ea01faaf096b6022) Importer(815301076,1909f56bfc062723c751e8b465ee728b)
Start importing Assets/AssetStoreTools/3DModels/Ultimate_Fantasy_Creator/Dungeons_Explorer_Kit/Prefabs/Dungeon_Building Pieces, Walls/Floors/Editor_Made/Balcony_1A(Stairs_1).prefab using Guid(d660b1445b96fa84ea01faaf096b6022) Importer(815301076,1909f56bfc062723c751e8b465ee728b)  -> (artifact id: '41006ba5a5c6ac971dd4d136d9b0831b') in 0.038575 seconds
  Import took 0.075766 seconds .

========================================================================
Received Import Request.
  Time since last request: 0.000241 seconds.
  path: Assets/AssetStoreTools/3DModels/Ultimate_Fantasy_Creator/Dungeons_Explorer_Kit/Prefabs/Dungeon_Building Pieces, Walls/Floors/Editor_Made/Balcony_2B.prefab
  artifactKey: Guid(671ffd9a11c42674ab070df387f6faa5) Importer(815301076,1909f56bfc062723c751e8b465ee728b)
Start importing Assets/AssetStoreTools/3DModels/Ultimate_Fantasy_Creator/Dungeons_Explorer_Kit/Prefabs/Dungeon_Building Pieces, Walls/Floors/Editor_Made/Balcony_2B.prefab using Guid(671ffd9a11c42674ab070df387f6faa5) Importer(815301076,1909f56bfc062723c751e8b465ee728b)  -> (artifact id: 'e8b075a4a85f9d31cb462a7818565677') in 0.034704 seconds
  Import took 0.066553 seconds .

========================================================================
Received Import Request.
  Time since last request: 0.000239 seconds.
  path: Assets/AssetStoreTools/3DModels/Ultimate_Fantasy_Creator/Dungeons_Explorer_Kit/Prefabs/Dungeon_Building Pieces, Walls/Floors/Editor_Made/Balcony_2A.prefab
  artifactKey: Guid(e89fbe1b4e0afe540a678446df10b17c) Importer(815301076,1909f56bfc062723c751e8b465ee728b)
Start importing Assets/AssetStoreTools/3DModels/Ultimate_Fantasy_Creator/Dungeons_Explorer_Kit/Prefabs/Dungeon_Building Pieces, Walls/Floors/Editor_Made/Balcony_2A.prefab using Guid(e89fbe1b4e0afe540a678446df10b17c) Importer(815301076,1909f56bfc062723c751e8b465ee728b)  -> (artifact id: 'ac2c5429fd2524c01e20aa646174b347') in 0.050873 seconds
  Import took 0.085811 seconds .

========================================================================
Received Import Request.
  Time since last request: 0.000242 seconds.
  path: Assets/AssetStoreTools/3DModels/Ultimate_Fantasy_Creator/Dungeons_Explorer_Kit/Prefabs/Dungeon_Building Pieces, Walls/Altars, Podiums/Altar_2A.prefab
  artifactKey: Guid(4a1275ca25f0b804e97ac0166193ab08) Importer(815301076,1909f56bfc062723c751e8b465ee728b)
Start importing Assets/AssetStoreTools/3DModels/Ultimate_Fantasy_Creator/Dungeons_Explorer_Kit/Prefabs/Dungeon_Building Pieces, Walls/Altars, Podiums/Altar_2A.prefab using Guid(4a1275ca25f0b804e97ac0166193ab08) Importer(815301076,1909f56bfc062723c751e8b465ee728b)  -> (artifact id: '7345161c319492980445a8e2157dace9') in 0.042914 seconds
  Import took 0.066733 seconds .

========================================================================
Received Import Request.
  Time since last request: 0.000259 seconds.
  path: Assets/AssetStoreTools/3DModels/Ultimate_Fantasy_Creator/Dungeons_Explorer_Kit/Prefabs/Dungeon_Building Pieces, Walls/Walls/_With Railings/2M_Wall_Railing_1C.prefab
  artifactKey: Guid(861e971a2354bcb4aa3163f3864ac71e) Importer(815301076,1909f56bfc062723c751e8b465ee728b)
Start importing Assets/AssetStoreTools/3DModels/Ultimate_Fantasy_Creator/Dungeons_Explorer_Kit/Prefabs/Dungeon_Building Pieces, Walls/Walls/_With Railings/2M_Wall_Railing_1C.prefab using Guid(861e971a2354bcb4aa3163f3864ac71e) Importer(815301076,1909f56bfc062723c751e8b465ee728b)  -> (artifact id: 'aadb4329b5a83f4a7676361f1ebae5eb') in 0.055199 seconds
  Import took 0.073107 seconds .

========================================================================
Received Import Request.
  Time since last request: 0.000224 seconds.
  path: Assets/AssetStoreTools/3DModels/Ultimate_Fantasy_Creator/Dungeons_Explorer_Kit/Prefabs/Dungeon_Building Pieces, Walls/Tunnels, Bridges/Archway_Tunnel_2A.prefab
  artifactKey: Guid(e0a56c9c34fc19c439898361ca86d32b) Importer(815301076,1909f56bfc062723c751e8b465ee728b)
Start importing Assets/AssetStoreTools/3DModels/Ultimate_Fantasy_Creator/Dungeons_Explorer_Kit/Prefabs/Dungeon_Building Pieces, Walls/Tunnels, Bridges/Archway_Tunnel_2A.prefab using Guid(e0a56c9c34fc19c439898361ca86d32b) Importer(815301076,1909f56bfc062723c751e8b465ee728b)  -> (artifact id: '873e62aaf3e9b929fdf64f706d8b9678') in 0.018343 seconds
  Import took 0.026886 seconds .

========================================================================
Received Import Request.
  Time since last request: 0.000251 seconds.
  path: Assets/AssetStoreTools/3DModels/Ultimate_Fantasy_Creator/Dungeons_Explorer_Kit/Prefabs/Dungeon_Building Pieces, Walls/Altars, Podiums/Altar_1D.prefab
  artifactKey: Guid(d2afdffcd7ac1d34d9f72fb8bed54c1c) Importer(815301076,1909f56bfc062723c751e8b465ee728b)
Start importing Assets/AssetStoreTools/3DModels/Ultimate_Fantasy_Creator/Dungeons_Explorer_Kit/Prefabs/Dungeon_Building Pieces, Walls/Altars, Podiums/Altar_1D.prefab using Guid(d2afdffcd7ac1d34d9f72fb8bed54c1c) Importer(815301076,1909f56bfc062723c751e8b465ee728b)  -> (artifact id: '6f67f89d3b2e3c5a7cb08176829d2c70') in 0.054870 seconds
  Import took 0.074670 seconds .

========================================================================
Received Import Request.
  Time since last request: 0.000223 seconds.
  path: Assets/AssetStoreTools/3DModels/Ultimate_Fantasy_Creator/Dungeons_Explorer_Kit/Prefabs/Dungeon_Building Pieces, Walls/Floors/Editor_Made/Balcony_1B.prefab
  artifactKey: Guid(013544aad3c009440812a2af77b999ef) Importer(815301076,1909f56bfc062723c751e8b465ee728b)
Start importing Assets/AssetStoreTools/3DModels/Ultimate_Fantasy_Creator/Dungeons_Explorer_Kit/Prefabs/Dungeon_Building Pieces, Walls/Floors/Editor_Made/Balcony_1B.prefab using Guid(013544aad3c009440812a2af77b999ef) Importer(815301076,1909f56bfc062723c751e8b465ee728b)  -> (artifact id: '561ca4be81b3e70771c5e251b681563f') in 0.034775 seconds
  Import took 0.059461 seconds .

========================================================================
Received Import Request.
  Time since last request: 0.000205 seconds.
  path: Assets/AssetStoreTools/3DModels/Ultimate_Fantasy_Creator/Dungeons_Explorer_Kit/Prefabs/Dungeon_Building Pieces, Walls/Altars, Podiums/Altar_2D.prefab
  artifactKey: Guid(83b85fdfce5f43a4894fa6d9f9a01d79) Importer(815301076,1909f56bfc062723c751e8b465ee728b)
Start importing Assets/AssetStoreTools/3DModels/Ultimate_Fantasy_Creator/Dungeons_Explorer_Kit/Prefabs/Dungeon_Building Pieces, Walls/Altars, Podiums/Altar_2D.prefab using Guid(83b85fdfce5f43a4894fa6d9f9a01d79) Importer(815301076,1909f56bfc062723c751e8b465ee728b)  -> (artifact id: 'f49c528ce0897a98480eead2ae5ac794') in 0.036672 seconds
  Import took 0.059344 seconds .

========================================================================
Received Import Request.
  Time since last request: 0.000278 seconds.
  path: Assets/AssetStoreTools/3DModels/Ultimate_Fantasy_Creator/Dungeons_Explorer_Kit/Prefabs/Dungeon_Building Pieces, Walls/Altars, Podiums/Altar_2B.prefab
  artifactKey: Guid(ea046c064de9eb14d9aac65adb6bcbdf) Importer(815301076,1909f56bfc062723c751e8b465ee728b)
Start importing Assets/AssetStoreTools/3DModels/Ultimate_Fantasy_Creator/Dungeons_Explorer_Kit/Prefabs/Dungeon_Building Pieces, Walls/Altars, Podiums/Altar_2B.prefab using Guid(ea046c064de9eb14d9aac65adb6bcbdf) Importer(815301076,1909f56bfc062723c751e8b465ee728b)  -> (artifact id: '119b6a5e5027b995fe8fbdd085c36ff0') in 0.034329 seconds
  Import took 0.042674 seconds .

========================================================================
Received Import Request.
  Time since last request: 0.000275 seconds.
  path: Assets/AssetStoreTools/3DModels/Ultimate_Fantasy_Creator/Dungeons_Explorer_Kit/Prefabs/Dungeon_Building Pieces, Walls/Tunnels, Bridges/Archway_Tunnel_1F.prefab
  artifactKey: Guid(588a7af4277dc2643a275b29124bf671) Importer(815301076,1909f56bfc062723c751e8b465ee728b)
Start importing Assets/AssetStoreTools/3DModels/Ultimate_Fantasy_Creator/Dungeons_Explorer_Kit/Prefabs/Dungeon_Building Pieces, Walls/Tunnels, Bridges/Archway_Tunnel_1F.prefab using Guid(588a7af4277dc2643a275b29124bf671) Importer(815301076,1909f56bfc062723c751e8b465ee728b)  -> (artifact id: 'b337827a0cfd620c7e4d637fee3d95ac') in 0.027749 seconds
  Import took 0.051246 seconds .

========================================================================
Received Import Request.
  Time since last request: 0.000346 seconds.
  path: Assets/AssetStoreTools/3DModels/Ultimate_Fantasy_Creator/Dungeons_Explorer_Kit/Prefabs/Dungeon_Building Pieces, Walls/Tunnels, Bridges/Archway_Tunnel_1D.prefab
  artifactKey: Guid(7664e41e4b8727b4f8c8f8037088a1cc) Importer(815301076,1909f56bfc062723c751e8b465ee728b)
Start importing Assets/AssetStoreTools/3DModels/Ultimate_Fantasy_Creator/Dungeons_Explorer_Kit/Prefabs/Dungeon_Building Pieces, Walls/Tunnels, Bridges/Archway_Tunnel_1D.prefab using Guid(7664e41e4b8727b4f8c8f8037088a1cc) Importer(815301076,1909f56bfc062723c751e8b465ee728b)  -> (artifact id: 'f4d055e0b2ac6fef8f85664ec559cbaa') in 0.076754 seconds
  Import took 0.131128 seconds .

========================================================================
Received Import Request.
  Time since last request: 0.000298 seconds.
  path: Assets/AssetStoreTools/3DModels/Ultimate_Fantasy_Creator/Dungeons_Explorer_Kit/Prefabs/Dungeon_Building Pieces, Walls/Altars, Podiums/Altar_2C.prefab
  artifactKey: Guid(b29025a6db092fe4785a55b08e3e3ad9) Importer(815301076,1909f56bfc062723c751e8b465ee728b)
Start importing Assets/AssetStoreTools/3DModels/Ultimate_Fantasy_Creator/Dungeons_Explorer_Kit/Prefabs/Dungeon_Building Pieces, Walls/Altars, Podiums/Altar_2C.prefab using Guid(b29025a6db092fe4785a55b08e3e3ad9) Importer(815301076,1909f56bfc062723c751e8b465ee728b)  -> (artifact id: 'fcb7dbc44a4e9b7bebb43d560113a619') in 0.026555 seconds
  Import took 0.048800 seconds .

========================================================================
Received Import Request.
  Time since last request: 0.000251 seconds.
  path: Assets/AssetStoreTools/3DModels/Ultimate_Fantasy_Creator/Dungeons_Explorer_Kit/Prefabs/Dungeon_Building Pieces, Walls/Altars, Podiums/Altar_1C.prefab
  artifactKey: Guid(4248006e51d8db24083643d284fc19bf) Importer(815301076,1909f56bfc062723c751e8b465ee728b)
Start importing Assets/AssetStoreTools/3DModels/Ultimate_Fantasy_Creator/Dungeons_Explorer_Kit/Prefabs/Dungeon_Building Pieces, Walls/Altars, Podiums/Altar_1C.prefab using Guid(4248006e51d8db24083643d284fc19bf) Importer(815301076,1909f56bfc062723c751e8b465ee728b)  -> (artifact id: '23dbaca64642599d36c40c74f4fa81bb') in 0.035130 seconds
  Import took 0.062248 seconds .

========================================================================
Received Import Request.
  Time since last request: 0.000243 seconds.
  path: Assets/AssetStoreTools/3DModels/Ultimate_Fantasy_Creator/Dungeons_Explorer_Kit/Prefabs/Dungeon_Building Pieces, Walls/Tunnels, Bridges/Archway_Tunnel_2C.prefab
  artifactKey: Guid(243e067126b865945a205b566c5d5405) Importer(815301076,1909f56bfc062723c751e8b465ee728b)
Start importing Assets/AssetStoreTools/3DModels/Ultimate_Fantasy_Creator/Dungeons_Explorer_Kit/Prefabs/Dungeon_Building Pieces, Walls/Tunnels, Bridges/Archway_Tunnel_2C.prefab using Guid(243e067126b865945a205b566c5d5405) Importer(815301076,1909f56bfc062723c751e8b465ee728b)  -> (artifact id: '83a5bd2de391c5d41a97ed7c158314d6') in 0.045812 seconds
  Import took 0.072998 seconds .

========================================================================
Received Import Request.
  Time since last request: 0.000245 seconds.
  path: Assets/AssetStoreTools/3DModels/Ultimate_Fantasy_Creator/Dungeons_Explorer_Kit/Prefabs/Dungeon_Building Pieces, Walls/Altars, Podiums/Altar_1A.prefab
  artifactKey: Guid(8836e93e6bc962448b8d4276d0c134af) Importer(815301076,1909f56bfc062723c751e8b465ee728b)
Start importing Assets/AssetStoreTools/3DModels/Ultimate_Fantasy_Creator/Dungeons_Explorer_Kit/Prefabs/Dungeon_Building Pieces, Walls/Altars, Podiums/Altar_1A.prefab using Guid(8836e93e6bc962448b8d4276d0c134af) Importer(815301076,1909f56bfc062723c751e8b465ee728b)  -> (artifact id: 'c807a6b3e2f577fa7927fc5d7956da59') in 0.034132 seconds
  Import took 0.073804 seconds .

========================================================================
Received Import Request.
  Time since last request: 0.000210 seconds.
  path: Assets/AssetStoreTools/3DModels/Ultimate_Fantasy_Creator/Dungeons_Explorer_Kit/Prefabs/Dungeon_Building Pieces, Walls/Platforms/Editor_Made/Arched_Ceiling_1A.prefab
  artifactKey: Guid(3324b68d95f43b54dbf3bb17090693ac) Importer(815301076,1909f56bfc062723c751e8b465ee728b)
Start importing Assets/AssetStoreTools/3DModels/Ultimate_Fantasy_Creator/Dungeons_Explorer_Kit/Prefabs/Dungeon_Building Pieces, Walls/Platforms/Editor_Made/Arched_Ceiling_1A.prefab using Guid(3324b68d95f43b54dbf3bb17090693ac) Importer(815301076,1909f56bfc062723c751e8b465ee728b)  -> (artifact id: 'c4451234aa48c2d1b7824ee7460247f7') in 0.171578 seconds
  Import took 0.197947 seconds .

========================================================================
Received Import Request.
  Time since last request: 0.000486 seconds.
  path: Assets/AssetStoreTools/3DModels/Ultimate_Fantasy_Creator/Dungeons_Explorer_Kit/Prefabs/Dungeon_Building Pieces, Walls/Floors/Editor_Made/Balcony_1C.prefab
  artifactKey: Guid(1a1fb1f3ef64796418562eedc6abae95) Importer(815301076,1909f56bfc062723c751e8b465ee728b)
Start importing Assets/AssetStoreTools/3DModels/Ultimate_Fantasy_Creator/Dungeons_Explorer_Kit/Prefabs/Dungeon_Building Pieces, Walls/Floors/Editor_Made/Balcony_1C.prefab using Guid(1a1fb1f3ef64796418562eedc6abae95) Importer(815301076,1909f56bfc062723c751e8b465ee728b)  -> (artifact id: '21f154e0ee25fccacfe93c6f92654abc') in 0.042823 seconds
  Import took 0.070719 seconds .

========================================================================
Received Import Request.
  Time since last request: 0.000327 seconds.
  path: Assets/AssetStoreTools/3DModels/Ultimate_Fantasy_Creator/Dungeons_Explorer_Kit/Prefabs/Dungeon_Building Pieces, Walls/Tunnels, Bridges/Archway_Tunnel_2E.prefab
  artifactKey: Guid(3e1ceba5b5e4dc74692e0cbf12c06b4e) Importer(815301076,1909f56bfc062723c751e8b465ee728b)
Start importing Assets/AssetStoreTools/3DModels/Ultimate_Fantasy_Creator/Dungeons_Explorer_Kit/Prefabs/Dungeon_Building Pieces, Walls/Tunnels, Bridges/Archway_Tunnel_2E.prefab using Guid(3e1ceba5b5e4dc74692e0cbf12c06b4e) Importer(815301076,1909f56bfc062723c751e8b465ee728b)  -> (artifact id: '604fbdba11f59705ef1366e2429841b5') in 0.037164 seconds
  Import took 0.078876 seconds .

========================================================================
Received Import Request.
  Time since last request: 0.000252 seconds.
  path: Assets/AssetStoreTools/3DModels/Ultimate_Fantasy_Creator/Dungeons_Explorer_Kit/Prefabs/Dungeon_Building Pieces, Walls/Tunnels, Bridges/Archway_Tunnel_1B.prefab
  artifactKey: Guid(da29fd2283be6dc4ca86309834ceaa1a) Importer(815301076,1909f56bfc062723c751e8b465ee728b)
Start importing Assets/AssetStoreTools/3DModels/Ultimate_Fantasy_Creator/Dungeons_Explorer_Kit/Prefabs/Dungeon_Building Pieces, Walls/Tunnels, Bridges/Archway_Tunnel_1B.prefab using Guid(da29fd2283be6dc4ca86309834ceaa1a) Importer(815301076,1909f56bfc062723c751e8b465ee728b)  -> (artifact id: '2d00463a67049fb3665b9b52873071f0') in 0.027616 seconds
  Import took 0.034672 seconds .

========================================================================
Received Import Request.
  Time since last request: 0.000207 seconds.
  path: Assets/AssetStoreTools/3DModels/Ultimate_Fantasy_Creator/Dungeons_Explorer_Kit/Prefabs/Dungeon_Building Pieces, Walls/Tunnels, Bridges/Archway_Tunnel_1C.prefab
  artifactKey: Guid(086d9aae19b68ef4784cb15d9f5b6478) Importer(815301076,1909f56bfc062723c751e8b465ee728b)
Start importing Assets/AssetStoreTools/3DModels/Ultimate_Fantasy_Creator/Dungeons_Explorer_Kit/Prefabs/Dungeon_Building Pieces, Walls/Tunnels, Bridges/Archway_Tunnel_1C.prefab using Guid(086d9aae19b68ef4784cb15d9f5b6478) Importer(815301076,1909f56bfc062723c751e8b465ee728b)  -> (artifact id: 'f6021e0cd5d71dede169ce15ac672fb0') in 0.019509 seconds
  Import took 0.046708 seconds .

========================================================================
Received Import Request.
  Time since last request: 0.000265 seconds.
  path: Assets/AssetStoreTools/3DModels/Ultimate_Fantasy_Creator/Dungeons_Explorer_Kit/Prefabs/Dungeon_Building Pieces, Walls/Tunnels, Bridges/Archway_Tunnel_1A.prefab
  artifactKey: Guid(d8e607932cf608244889fc78118fc1ea) Importer(815301076,1909f56bfc062723c751e8b465ee728b)
Start importing Assets/AssetStoreTools/3DModels/Ultimate_Fantasy_Creator/Dungeons_Explorer_Kit/Prefabs/Dungeon_Building Pieces, Walls/Tunnels, Bridges/Archway_Tunnel_1A.prefab using Guid(d8e607932cf608244889fc78118fc1ea) Importer(815301076,1909f56bfc062723c751e8b465ee728b)  -> (artifact id: '768b3e1ad39a290ba05a9c3846d376d5') in 0.032555 seconds
  Import took 0.055036 seconds .

========================================================================
Received Import Request.
  Time since last request: 0.000358 seconds.
  path: Assets/AssetStoreTools/3DModels/Ultimate_Fantasy_Creator/Dungeons_Explorer_Kit/Prefabs/Dungeon_Building Pieces, Walls/Walls/_With Railings/2M_Wall_Railing_1B.prefab
  artifactKey: Guid(aa87b206d26bd47438dedc52949602dc) Importer(815301076,1909f56bfc062723c751e8b465ee728b)
Start importing Assets/AssetStoreTools/3DModels/Ultimate_Fantasy_Creator/Dungeons_Explorer_Kit/Prefabs/Dungeon_Building Pieces, Walls/Walls/_With Railings/2M_Wall_Railing_1B.prefab using Guid(aa87b206d26bd47438dedc52949602dc) Importer(815301076,1909f56bfc062723c751e8b465ee728b)  -> (artifact id: '9526d6e1b7aeb952711d2c085cd0de02') in 0.033430 seconds
  Import took 0.069976 seconds .

========================================================================
Received Import Request.
  Time since last request: 0.000218 seconds.
  path: Assets/AssetStoreTools/3DModels/Ultimate_Fantasy_Creator/Dungeons_Explorer_Kit/Prefabs/Dungeon_Building Pieces, Walls/Altars, Podiums/Altar_Model_1A.prefab
  artifactKey: Guid(41ed6c297b140ce43a437e57c8153178) Importer(815301076,1909f56bfc062723c751e8b465ee728b)
Start importing Assets/AssetStoreTools/3DModels/Ultimate_Fantasy_Creator/Dungeons_Explorer_Kit/Prefabs/Dungeon_Building Pieces, Walls/Altars, Podiums/Altar_Model_1A.prefab using Guid(41ed6c297b140ce43a437e57c8153178) Importer(815301076,1909f56bfc062723c751e8b465ee728b)  -> (artifact id: 'b7154458548c2b02bbc2c79600f70541') in 0.019578 seconds
  Import took 0.065484 seconds .

========================================================================
Received Prepare
Registering precompiled user dll's ...
Registered in 0.006198 seconds.
Begin MonoManager ReloadAssembly
Native extension for WindowsStandalone target not found
Refreshing native plugins compatible for Editor in 2.95 ms, found 3 plugins.
Preloading 0 native plugins for Editor in 0.00 ms.
Invoked RoslynAnalysisRunner static constructor.
RoslynAnalysisRunner will not be running.
RoslynAnalysisRunner has terminated.
Mono: successfully reloaded assembly
- Completed reload, in  1.655 seconds
Platform modules already initialized, skipping
Shader 'WFX/Transparent Diffuse': fallback shader 'Particles/Alpha Blended' not found
Shader 'Enviro/Standard/SkyboxSimple': fallback shader 'None' not found
Shader 'WFX/Transparent Specular': fallback shader 'Particles/Alpha Blended' not found
Shader 'Enviro/Lite/SkyboxSimple': fallback shader 'None' not found
Refreshing native plugins compatible for Editor in 3.39 ms, found 3 plugins.
Preloading 0 native plugins for Editor in 0.00 ms.
Unloading 2452 Unused Serialized files (Serialized files now loaded: 0)
System memory in use before: 211.5 MB.
System memory in use after: 211.7 MB.

Unloading 17 unused Assets to reduce memory usage. Loaded Objects now: 3160.
Total: 3.999700 ms (FindLiveObjects: 0.490000 ms CreateObjectMapping: 0.329400 ms MarkObjects: 2.900000 ms  DeleteObjects: 0.276700 ms)

========================================================================
Received Prepare
Registering precompiled user dll's ...
Registered in 0.006334 seconds.
Begin MonoManager ReloadAssembly
Native extension for WindowsStandalone target not found
Refreshing native plugins compatible for Editor in 4.57 ms, found 3 plugins.
Preloading 0 native plugins for Editor in 0.00 ms.
Invoked RoslynAnalysisRunner static constructor.
RoslynAnalysisRunner will not be running.
RoslynAnalysisRunner has terminated.
Mono: successfully reloaded assembly
- Completed reload, in  1.614 seconds
Platform modules already initialized, skipping
Shader 'WFX/Transparent Diffuse': fallback shader 'Particles/Alpha Blended' not found
Shader 'Enviro/Standard/SkyboxSimple': fallback shader 'None' not found
Shader 'WFX/Transparent Specular': fallback shader 'Particles/Alpha Blended' not found
Shader 'Enviro/Lite/SkyboxSimple': fallback shader 'None' not found
Refreshing native plugins compatible for Editor in 2.83 ms, found 3 plugins.
Preloading 0 native plugins for Editor in 0.00 ms.
Unloading 2452 Unused Serialized files (Serialized files now loaded: 0)
System memory in use before: 211.6 MB.
System memory in use after: 211.7 MB.

Unloading 17 unused Assets to reduce memory usage. Loaded Objects now: 3164.
Total: 3.785500 ms (FindLiveObjects: 0.631200 ms CreateObjectMapping: 0.298100 ms MarkObjects: 2.598800 ms  DeleteObjects: 0.255400 ms)

========================================================================
Received Prepare
Registering precompiled user dll's ...
Registered in 0.005922 seconds.
Begin MonoManager ReloadAssembly
Native extension for WindowsStandalone target not found
Refreshing native plugins compatible for Editor in 2.72 ms, found 3 plugins.
Preloading 0 native plugins for Editor in 0.00 ms.
Invoked RoslynAnalysisRunner static constructor.
RoslynAnalysisRunner will not be running.
RoslynAnalysisRunner has terminated.
Mono: successfully reloaded assembly
- Completed reload, in  1.396 seconds
Platform modules already initialized, skipping
Shader 'WFX/Transparent Diffuse': fallback shader 'Particles/Alpha Blended' not found
Shader 'Enviro/Standard/SkyboxSimple': fallback shader 'None' not found
Shader 'WFX/Transparent Specular': fallback shader 'Particles/Alpha Blended' not found
Shader 'Enviro/Lite/SkyboxSimple': fallback shader 'None' not found
Refreshing native plugins compatible for Editor in 2.76 ms, found 3 plugins.
Preloading 0 native plugins for Editor in 0.00 ms.
Unloading 2452 Unused Serialized files (Serialized files now loaded: 0)
System memory in use before: 211.6 MB.
System memory in use after: 211.8 MB.

Unloading 17 unused Assets to reduce memory usage. Loaded Objects now: 3168.
Total: 3.585100 ms (FindLiveObjects: 0.365600 ms CreateObjectMapping: 0.120100 ms MarkObjects: 2.826600 ms  DeleteObjects: 0.270900 ms)

========================================================================
Received Import Request.
  Time since last request: 10324.957398 seconds.
  path: Assets/AssetStoreTools/Ultimate SFX Bundle - HD Remaster/Impacts & Sweeps/Impact Aliens_01.wav
  artifactKey: Guid(0a0f578cc916c48498a86d65cc1e487d) Importer(815301076,1909f56bfc062723c751e8b465ee728b)
Start importing Assets/AssetStoreTools/Ultimate SFX Bundle - HD Remaster/Impacts & Sweeps/Impact Aliens_01.wav using Guid(0a0f578cc916c48498a86d65cc1e487d) Importer(815301076,1909f56bfc062723c751e8b465ee728b)  -> (artifact id: '9b4fe7ea6f8a51a0c685e50a7ab0aeb0') in 0.172571 seconds
  Import took 0.199540 seconds .

========================================================================
Received Import Request.
  Time since last request: 427.115983 seconds.
  path: Assets/AssetStoreTools/Ultimate SFX Bundle - HD Remaster/Impacts & Sweeps/Impact Aliens_02.wav
  artifactKey: Guid(233e6353a7e082c4f91f346b884d693f) Importer(815301076,1909f56bfc062723c751e8b465ee728b)
Start importing Assets/AssetStoreTools/Ultimate SFX Bundle - HD Remaster/Impacts & Sweeps/Impact Aliens_02.wav using Guid(233e6353a7e082c4f91f346b884d693f) Importer(815301076,1909f56bfc062723c751e8b465ee728b)  -> (artifact id: 'c7632f3340205b05499c02402ce7c82f') in 0.016793 seconds
  Import took 0.051699 seconds .

========================================================================
Received Import Request.
  Time since last request: 19.606685 seconds.
  path: Assets/AssetStoreTools/Ultimate SFX Bundle - HD Remaster/Impacts & Sweeps/Impact Aliens_03.wav
  artifactKey: Guid(75641fb757abddc43b1df1a8833ed138) Importer(815301076,1909f56bfc062723c751e8b465ee728b)
Start importing Assets/AssetStoreTools/Ultimate SFX Bundle - HD Remaster/Impacts & Sweeps/Impact Aliens_03.wav using Guid(75641fb757abddc43b1df1a8833ed138) Importer(815301076,1909f56bfc062723c751e8b465ee728b)  -> (artifact id: '90f37787e8feccb2fea75cbaabffc47c') in 0.034235 seconds
  Import took 0.076155 seconds .

========================================================================
Received Prepare
Registering precompiled user dll's ...
Registered in 0.006320 seconds.
Begin MonoManager ReloadAssembly
Native extension for WindowsStandalone target not found
Refreshing native plugins compatible for Editor in 3.20 ms, found 3 plugins.
Preloading 0 native plugins for Editor in 0.00 ms.
Invoked RoslynAnalysisRunner static constructor.
RoslynAnalysisRunner will not be running.
RoslynAnalysisRunner has terminated.
Mono: successfully reloaded assembly
- Completed reload, in  1.449 seconds
Platform modules already initialized, skipping
Shader 'WFX/Transparent Diffuse': fallback shader 'Particles/Alpha Blended' not found
Shader 'Enviro/Standard/SkyboxSimple': fallback shader 'None' not found
Shader 'WFX/Transparent Specular': fallback shader 'Particles/Alpha Blended' not found
Shader 'Enviro/Lite/SkyboxSimple': fallback shader 'None' not found
Refreshing native plugins compatible for Editor in 2.85 ms, found 3 plugins.
Preloading 0 native plugins for Editor in 0.00 ms.
Unloading 2452 Unused Serialized files (Serialized files now loaded: 0)
System memory in use before: 211.6 MB.
System memory in use after: 211.8 MB.

Unloading 17 unused Assets to reduce memory usage. Loaded Objects now: 3173.
Total: 3.615400 ms (FindLiveObjects: 0.369400 ms CreateObjectMapping: 0.255000 ms MarkObjects: 2.774800 ms  DeleteObjects: 0.214300 ms)

========================================================================
Received Prepare
Registering precompiled user dll's ...
Registered in 0.007844 seconds.
Begin MonoManager ReloadAssembly
Native extension for WindowsStandalone target not found
Refreshing native plugins compatible for Editor in 2.93 ms, found 3 plugins.
Preloading 0 native plugins for Editor in 0.00 ms.
Invoked RoslynAnalysisRunner static constructor.
RoslynAnalysisRunner will not be running.
RoslynAnalysisRunner has terminated.
Mono: successfully reloaded assembly
- Completed reload, in  1.425 seconds
Platform modules already initialized, skipping
Shader 'WFX/Transparent Diffuse': fallback shader 'Particles/Alpha Blended' not found
Shader 'Enviro/Standard/SkyboxSimple': fallback shader 'None' not found
Shader 'WFX/Transparent Specular': fallback shader 'Particles/Alpha Blended' not found
Shader 'Enviro/Lite/SkyboxSimple': fallback shader 'None' not found
Refreshing native plugins compatible for Editor in 2.62 ms, found 3 plugins.
Preloading 0 native plugins for Editor in 0.00 ms.
Unloading 2452 Unused Serialized files (Serialized files now loaded: 0)
System memory in use before: 211.7 MB.
System memory in use after: 211.8 MB.

Unloading 17 unused Assets to reduce memory usage. Loaded Objects now: 3177.
Total: 2.647200 ms (FindLiveObjects: 0.346800 ms CreateObjectMapping: 0.118200 ms MarkObjects: 1.965400 ms  DeleteObjects: 0.215500 ms)

========================================================================
Received Prepare
Registering precompiled user dll's ...
Registered in 0.006657 seconds.
Begin MonoManager ReloadAssembly
Native extension for WindowsStandalone target not found
Refreshing native plugins compatible for Editor in 2.81 ms, found 3 plugins.
Preloading 0 native plugins for Editor in 0.00 ms.
Invoked RoslynAnalysisRunner static constructor.
RoslynAnalysisRunner will not be running.
RoslynAnalysisRunner has terminated.
Mono: successfully reloaded assembly
- Completed reload, in  1.498 seconds
Platform modules already initialized, skipping
Shader 'WFX/Transparent Diffuse': fallback shader 'Particles/Alpha Blended' not found
Shader 'Enviro/Standard/SkyboxSimple': fallback shader 'None' not found
Shader 'WFX/Transparent Specular': fallback shader 'Particles/Alpha Blended' not found
Shader 'Enviro/Lite/SkyboxSimple': fallback shader 'None' not found
Refreshing native plugins compatible for Editor in 4.60 ms, found 3 plugins.
Preloading 0 native plugins for Editor in 0.00 ms.
Unloading 2452 Unused Serialized files (Serialized files now loaded: 0)
System memory in use before: 211.7 MB.
System memory in use after: 211.9 MB.

Unloading 17 unused Assets to reduce memory usage. Loaded Objects now: 3181.
Total: 4.507700 ms (FindLiveObjects: 0.401000 ms CreateObjectMapping: 0.151500 ms MarkObjects: 3.681400 ms  DeleteObjects: 0.271800 ms)

========================================================================
Received Prepare
Registering precompiled user dll's ...
Registered in 0.005927 seconds.
Begin MonoManager ReloadAssembly
Native extension for WindowsStandalone target not found
Refreshing native plugins compatible for Editor in 2.85 ms, found 3 plugins.
Preloading 0 native plugins for Editor in 0.00 ms.
Invoked RoslynAnalysisRunner static constructor.
RoslynAnalysisRunner will not be running.
RoslynAnalysisRunner has terminated.
Mono: successfully reloaded assembly
- Completed reload, in  1.410 seconds
Platform modules already initialized, skipping
Shader 'WFX/Transparent Diffuse': fallback shader 'Particles/Alpha Blended' not found
Shader 'Enviro/Standard/SkyboxSimple': fallback shader 'None' not found
Shader 'WFX/Transparent Specular': fallback shader 'Particles/Alpha Blended' not found
Shader 'Enviro/Lite/SkyboxSimple': fallback shader 'None' not found
Refreshing native plugins compatible for Editor in 3.17 ms, found 3 plugins.
Preloading 0 native plugins for Editor in 0.00 ms.
Unloading 2452 Unused Serialized files (Serialized files now loaded: 0)
System memory in use before: 211.7 MB.
System memory in use after: 211.9 MB.

Unloading 17 unused Assets to reduce memory usage. Loaded Objects now: 3185.
Total: 3.476800 ms (FindLiveObjects: 0.370900 ms CreateObjectMapping: 0.223500 ms MarkObjects: 2.657400 ms  DeleteObjects: 0.222700 ms)

========================================================================
Received Prepare
Registering precompiled user dll's ...
Registered in 0.005606 seconds.
Begin MonoManager ReloadAssembly
Native extension for WindowsStandalone target not found
Refreshing native plugins compatible for Editor in 2.63 ms, found 3 plugins.
Preloading 0 native plugins for Editor in 0.00 ms.
Invoked RoslynAnalysisRunner static constructor.
RoslynAnalysisRunner will not be running.
RoslynAnalysisRunner has terminated.
Mono: successfully reloaded assembly
- Completed reload, in  1.436 seconds
Platform modules already initialized, skipping
Shader 'WFX/Transparent Diffuse': fallback shader 'Particles/Alpha Blended' not found
Shader 'Enviro/Standard/SkyboxSimple': fallback shader 'None' not found
Shader 'WFX/Transparent Specular': fallback shader 'Particles/Alpha Blended' not found
Shader 'Enviro/Lite/SkyboxSimple': fallback shader 'None' not found
Refreshing native plugins compatible for Editor in 2.68 ms, found 3 plugins.
Preloading 0 native plugins for Editor in 0.00 ms.
Unloading 2452 Unused Serialized files (Serialized files now loaded: 0)
System memory in use before: 211.7 MB.
System memory in use after: 211.9 MB.

Unloading 17 unused Assets to reduce memory usage. Loaded Objects now: 3189.
Total: 3.563100 ms (FindLiveObjects: 0.760300 ms CreateObjectMapping: 0.242000 ms MarkObjects: 2.322100 ms  DeleteObjects: 0.237100 ms)

========================================================================
Received Prepare
Registering precompiled user dll's ...
Registered in 0.009041 seconds.
Begin MonoManager ReloadAssembly
Native extension for WindowsStandalone target not found
Refreshing native plugins compatible for Editor in 2.94 ms, found 3 plugins.
Preloading 0 native plugins for Editor in 0.00 ms.
Invoked RoslynAnalysisRunner static constructor.
RoslynAnalysisRunner will not be running.
RoslynAnalysisRunner has terminated.
Mono: successfully reloaded assembly
- Completed reload, in  1.499 seconds
Platform modules already initialized, skipping
Shader 'WFX/Transparent Diffuse': fallback shader 'Particles/Alpha Blended' not found
Shader 'Enviro/Standard/SkyboxSimple': fallback shader 'None' not found
Shader 'WFX/Transparent Specular': fallback shader 'Particles/Alpha Blended' not found
Shader 'Enviro/Lite/SkyboxSimple': fallback shader 'None' not found
Refreshing native plugins compatible for Editor in 2.89 ms, found 3 plugins.
Preloading 0 native plugins for Editor in 0.00 ms.
Unloading 2452 Unused Serialized files (Serialized files now loaded: 0)
System memory in use before: 211.7 MB.
System memory in use after: 211.9 MB.

Unloading 17 unused Assets to reduce memory usage. Loaded Objects now: 3193.
Total: 3.015000 ms (FindLiveObjects: 0.438300 ms CreateObjectMapping: 0.246900 ms MarkObjects: 2.111300 ms  DeleteObjects: 0.216500 ms)

========================================================================
Received Prepare
Registering precompiled user dll's ...
Registered in 0.008491 seconds.
Begin MonoManager ReloadAssembly
Native extension for WindowsStandalone target not found
Refreshing native plugins compatible for Editor in 3.07 ms, found 3 plugins.
Preloading 0 native plugins for Editor in 0.00 ms.
Invoked RoslynAnalysisRunner static constructor.
RoslynAnalysisRunner will not be running.
RoslynAnalysisRunner has terminated.
Mono: successfully reloaded assembly
- Completed reload, in  1.444 seconds
Platform modules already initialized, skipping
Shader 'WFX/Transparent Diffuse': fallback shader 'Particles/Alpha Blended' not found
Shader 'Enviro/Standard/SkyboxSimple': fallback shader 'None' not found
Shader 'WFX/Transparent Specular': fallback shader 'Particles/Alpha Blended' not found
Shader 'Enviro/Lite/SkyboxSimple': fallback shader 'None' not found
Refreshing native plugins compatible for Editor in 2.90 ms, found 3 plugins.
Preloading 0 native plugins for Editor in 0.00 ms.
Unloading 2452 Unused Serialized files (Serialized files now loaded: 0)
System memory in use before: 211.8 MB.
System memory in use after: 212.0 MB.

Unloading 17 unused Assets to reduce memory usage. Loaded Objects now: 3197.
Total: 3.534700 ms (FindLiveObjects: 0.540800 ms CreateObjectMapping: 0.277900 ms MarkObjects: 2.475200 ms  DeleteObjects: 0.238600 ms)

========================================================================
Received Prepare
Registering precompiled user dll's ...
Registered in 0.009735 seconds.
Begin MonoManager ReloadAssembly
Native extension for WindowsStandalone target not found
Refreshing native plugins compatible for Editor in 2.72 ms, found 3 plugins.
Preloading 0 native plugins for Editor in 0.00 ms.
Invoked RoslynAnalysisRunner static constructor.
RoslynAnalysisRunner will not be running.
RoslynAnalysisRunner has terminated.
Mono: successfully reloaded assembly
- Completed reload, in  1.913 seconds
Platform modules already initialized, skipping
Shader 'WFX/Transparent Diffuse': fallback shader 'Particles/Alpha Blended' not found
Shader 'Enviro/Standard/SkyboxSimple': fallback shader 'None' not found
Shader 'WFX/Transparent Specular': fallback shader 'Particles/Alpha Blended' not found
Shader 'Enviro/Lite/SkyboxSimple': fallback shader 'None' not found
Refreshing native plugins compatible for Editor in 2.70 ms, found 3 plugins.
Preloading 0 native plugins for Editor in 0.00 ms.
Unloading 2452 Unused Serialized files (Serialized files now loaded: 0)
System memory in use before: 211.8 MB.
System memory in use after: 212.0 MB.

Unloading 17 unused Assets to reduce memory usage. Loaded Objects now: 3201.
Total: 3.724600 ms (FindLiveObjects: 0.478000 ms CreateObjectMapping: 0.267600 ms MarkObjects: 2.676400 ms  DeleteObjects: 0.289400 ms)

========================================================================
Received Prepare
Registering precompiled user dll's ...
Registered in 0.006407 seconds.
Begin MonoManager ReloadAssembly
Native extension for WindowsStandalone target not found
Refreshing native plugins compatible for Editor in 2.91 ms, found 3 plugins.
Preloading 0 native plugins for Editor in 0.00 ms.
Invoked RoslynAnalysisRunner static constructor.
RoslynAnalysisRunner will not be running.
RoslynAnalysisRunner has terminated.
Mono: successfully reloaded assembly
- Completed reload, in  1.829 seconds
Platform modules already initialized, skipping
Shader 'WFX/Transparent Diffuse': fallback shader 'Particles/Alpha Blended' not found
Shader 'Enviro/Standard/SkyboxSimple': fallback shader 'None' not found
Shader 'WFX/Transparent Specular': fallback shader 'Particles/Alpha Blended' not found
Shader 'Enviro/Lite/SkyboxSimple': fallback shader 'None' not found
Refreshing native plugins compatible for Editor in 2.74 ms, found 3 plugins.
Preloading 0 native plugins for Editor in 0.00 ms.
Unloading 2452 Unused Serialized files (Serialized files now loaded: 0)
System memory in use before: 211.8 MB.
System memory in use after: 212.0 MB.

Unloading 17 unused Assets to reduce memory usage. Loaded Objects now: 3205.
Total: 3.147700 ms (FindLiveObjects: 0.346900 ms CreateObjectMapping: 0.110700 ms MarkObjects: 2.450400 ms  DeleteObjects: 0.238300 ms)

========================================================================
Received Prepare
Registering precompiled user dll's ...
Registered in 0.005718 seconds.
Begin MonoManager ReloadAssembly
Native extension for WindowsStandalone target not found
Refreshing native plugins compatible for Editor in 2.62 ms, found 3 plugins.
Preloading 0 native plugins for Editor in 0.00 ms.
Invoked RoslynAnalysisRunner static constructor.
RoslynAnalysisRunner will not be running.
RoslynAnalysisRunner has terminated.
Mono: successfully reloaded assembly
- Completed reload, in  1.383 seconds
Platform modules already initialized, skipping
Shader 'WFX/Transparent Diffuse': fallback shader 'Particles/Alpha Blended' not found
Shader 'Enviro/Standard/SkyboxSimple': fallback shader 'None' not found
Shader 'WFX/Transparent Specular': fallback shader 'Particles/Alpha Blended' not found
Shader 'Enviro/Lite/SkyboxSimple': fallback shader 'None' not found
Refreshing native plugins compatible for Editor in 3.07 ms, found 3 plugins.
Preloading 0 native plugins for Editor in 0.00 ms.
Unloading 2452 Unused Serialized files (Serialized files now loaded: 0)
System memory in use before: 211.8 MB.
System memory in use after: 212.0 MB.

Unloading 17 unused Assets to reduce memory usage. Loaded Objects now: 3209.
Total: 3.074000 ms (FindLiveObjects: 0.415800 ms CreateObjectMapping: 0.227800 ms MarkObjects: 2.211600 ms  DeleteObjects: 0.217000 ms)

========================================================================
Received Prepare
Registering precompiled user dll's ...
Registered in 0.005979 seconds.
Begin MonoManager ReloadAssembly
Native extension for WindowsStandalone target not found
Refreshing native plugins compatible for Editor in 2.64 ms, found 3 plugins.
Preloading 0 native plugins for Editor in 0.00 ms.
Invoked RoslynAnalysisRunner static constructor.
RoslynAnalysisRunner will not be running.
RoslynAnalysisRunner has terminated.
Mono: successfully reloaded assembly
- Completed reload, in  1.465 seconds
Platform modules already initialized, skipping
Shader 'WFX/Transparent Diffuse': fallback shader 'Particles/Alpha Blended' not found
Shader 'Enviro/Standard/SkyboxSimple': fallback shader 'None' not found
Shader 'WFX/Transparent Specular': fallback shader 'Particles/Alpha Blended' not found
Shader 'Enviro/Lite/SkyboxSimple': fallback shader 'None' not found
Refreshing native plugins compatible for Editor in 2.77 ms, found 3 plugins.
Preloading 0 native plugins for Editor in 0.00 ms.
Unloading 2452 Unused Serialized files (Serialized files now loaded: 0)
System memory in use before: 211.8 MB.
System memory in use after: 212.0 MB.

Unloading 17 unused Assets to reduce memory usage. Loaded Objects now: 3213.
Total: 3.370600 ms (FindLiveObjects: 0.427500 ms CreateObjectMapping: 0.230900 ms MarkObjects: 2.484600 ms  DeleteObjects: 0.225400 ms)

========================================================================
Received Prepare
Registering precompiled user dll's ...
Registered in 0.005704 seconds.
Begin MonoManager ReloadAssembly
Native extension for WindowsStandalone target not found
Refreshing native plugins compatible for Editor in 2.77 ms, found 3 plugins.
Preloading 0 native plugins for Editor in 0.00 ms.
Invoked RoslynAnalysisRunner static constructor.
RoslynAnalysisRunner will not be running.
RoslynAnalysisRunner has terminated.
Mono: successfully reloaded assembly
- Completed reload, in  1.491 seconds
Platform modules already initialized, skipping
Shader 'WFX/Transparent Diffuse': fallback shader 'Particles/Alpha Blended' not found
Shader 'Enviro/Standard/SkyboxSimple': fallback shader 'None' not found
Shader 'WFX/Transparent Specular': fallback shader 'Particles/Alpha Blended' not found
Shader 'Enviro/Lite/SkyboxSimple': fallback shader 'None' not found
Refreshing native plugins compatible for Editor in 2.87 ms, found 3 plugins.
Preloading 0 native plugins for Editor in 0.00 ms.
Unloading 2452 Unused Serialized files (Serialized files now loaded: 0)
System memory in use before: 211.9 MB.
System memory in use after: 212.1 MB.

Unloading 17 unused Assets to reduce memory usage. Loaded Objects now: 3217.
Total: 3.203500 ms (FindLiveObjects: 0.424300 ms CreateObjectMapping: 0.127200 ms MarkObjects: 2.433000 ms  DeleteObjects: 0.216400 ms)

AssetImportWorkerClient::OnTransportError - code=2 error=End of file
