Using pre-set license
Built from '2020.3/release' branch; Version is '2020.3.2f1 (8fd9074bf66c) revision 9427207'; Using compiler version '192528614'; Build Type 'Release'
OS: 'Windows 10 Home; OS build 19042.1165; Version 2009; 64bit' Language: 'ja' Physical Memory: 16322 MB
BatchMode: 1, IsHumanControllingUs: 0, StartBugReporterOnCrash: 0, Is64bit: 1, IsPro: 0

 COMMAND LINE ARGUMENTS:
F:\program file\unity\2020.3.2f1\Editor\Unity.exe
-adb2
-batchMode
-noUpm
-name
AssetImportWorker0
-projectPath
F:/Documents/unity projects/Tutorials/DarkSoulsLike/SwordWolf
-logFile
Logs/AssetImportWorker0.log
-srvPort
49700
Successfully changed project path to: F:/Documents/unity projects/Tutorials/DarkSoulsLike/SwordWolf
F:/Documents/unity projects/Tutorials/DarkSoulsLike/SwordWolf
Using Asset Import Pipeline V2.
Refreshing native plugins compatible for Editor in 321.12 ms, found 3 plugins.
Preloading 0 native plugins for Editor in 0.00 ms.
Initialize engine version: 2020.3.2f1 (8fd9074bf66c)
[Subsystems] Discovering subsystems at path F:/program file/unity/2020.3.2f1/Editor/Data/Resources/UnitySubsystems
[Subsystems] Discovering subsystems at path F:/Documents/unity projects/Tutorials/DarkSoulsLike/SwordWolf/Assets
GfxDevice: creating device client; threaded=0
Direct3D:
    Version:  Direct3D 11.0 [level 11.1]
    Renderer: NVIDIA GeForce RTX 2070 (ID=0x1f02)
    Vendor:   
    VRAM:     8031 MB
    Driver:   27.21.14.5671
Shader 'WFX/Transparent Specular': fallback shader 'Particles/Alpha Blended' not found
Shader 'WFX/Transparent Diffuse': fallback shader 'Particles/Alpha Blended' not found
Shader 'Enviro/Lite/SkyboxSimple': fallback shader 'None' not found
Shader 'Enviro/Standard/SkyboxSimple': fallback shader 'None' not found
Initialize mono
Mono path[0] = 'F:/program file/unity/2020.3.2f1/Editor/Data/Managed'
Mono path[1] = 'F:/program file/unity/2020.3.2f1/Editor/Data/MonoBleedingEdge/lib/mono/unityjit'
Mono config path = 'F:/program file/unity/2020.3.2f1/Editor/Data/MonoBleedingEdge/etc'
Using monoOptions --debugger-agent=transport=dt_socket,embedding=1,server=y,suspend=n,address=127.0.0.1:56832
Begin MonoManager ReloadAssembly
Registering precompiled unity dll's ...
Register platform support module: F:/program file/unity/2020.3.2f1/Editor/Data/PlaybackEngines/WindowsStandaloneSupport/UnityEditor.WindowsStandalone.Extensions.dll
Registered in 0.001327 seconds.
Native extension for WindowsStandalone target not found
Refreshing native plugins compatible for Editor in 332.89 ms, found 3 plugins.
Preloading 0 native plugins for Editor in 0.00 ms.
Invoked RoslynAnalysisRunner static constructor.
RoslynAnalysisRunner will not be running.
RoslynAnalysisRunner has terminated.
Mono: successfully reloaded assembly
- Completed reload, in  1.798 seconds
Platform modules already initialized, skipping
Registering precompiled user dll's ...
Registered in 0.006511 seconds.
Begin MonoManager ReloadAssembly
Native extension for WindowsStandalone target not found
Refreshing native plugins compatible for Editor in 316.42 ms, found 3 plugins.
Preloading 0 native plugins for Editor in 0.00 ms.
Invoked RoslynAnalysisRunner static constructor.
RoslynAnalysisRunner will not be running.
RoslynAnalysisRunner has terminated.
Mono: successfully reloaded assembly
- Completed reload, in  1.878 seconds
Platform modules already initialized, skipping
========================================================================
Worker process is ready to serve import requests
Shader 'Enviro/Standard/SkyboxSimple': fallback shader 'None' not found
Shader 'Enviro/Lite/SkyboxSimple': fallback shader 'None' not found
Shader 'WFX/Transparent Diffuse': fallback shader 'Particles/Alpha Blended' not found
Shader 'WFX/Transparent Specular': fallback shader 'Particles/Alpha Blended' not found
Launched and connected shader compiler UnityShaderCompiler.exe after 0.05 seconds
Refreshing native plugins compatible for Editor in 2.71 ms, found 3 plugins.
Preloading 0 native plugins for Editor in 0.00 ms.
Unloading 2620 Unused Serialized files (Serialized files now loaded: 0)
System memory in use before: 209.6 MB.
System memory in use after: 209.8 MB.

Unloading 24 unused Assets to reduce memory usage. Loaded Objects now: 3109.
Total: 3.920200 ms (FindLiveObjects: 0.614300 ms CreateObjectMapping: 0.431900 ms MarkObjects: 2.622300 ms  DeleteObjects: 0.250600 ms)

========================================================================
Received Import Request.
  path: Assets/AssetStoreTools/Ultimate SFX Bundle - HD Remaster/Casual Game Announcer/You lose 2.wav
  artifactKey: Guid(5c4529735e77fe1409f66388c314bcb3) Importer(815301076,1909f56bfc062723c751e8b465ee728b)
Start importing Assets/AssetStoreTools/Ultimate SFX Bundle - HD Remaster/Casual Game Announcer/You lose 2.wav using Guid(5c4529735e77fe1409f66388c314bcb3) Importer(815301076,1909f56bfc062723c751e8b465ee728b)  -> (artifact id: '6bb077cc243c7f6364cab9389ed29f09') in 0.137563 seconds
  Import took 0.188994 seconds .

========================================================================
Received Import Request.
  Time since last request: 0.000246 seconds.
  path: Assets/AssetStoreTools/Ultimate SFX Bundle - HD Remaster/Casual Game Announcer/You lose 1.wav
  artifactKey: Guid(9ab6dd4812c22664599441f8e5ce9342) Importer(815301076,1909f56bfc062723c751e8b465ee728b)
Start importing Assets/AssetStoreTools/Ultimate SFX Bundle - HD Remaster/Casual Game Announcer/You lose 1.wav using Guid(9ab6dd4812c22664599441f8e5ce9342) Importer(815301076,1909f56bfc062723c751e8b465ee728b)  -> (artifact id: 'd74e6551e752eae646520154bc6dcfa5') in 0.015968 seconds
  Import took 0.066219 seconds .

========================================================================
Received Import Request.
  Time since last request: 0.000287 seconds.
  path: Assets/AssetStoreTools/Ultimate SFX Bundle - HD Remaster/Casual Game Announcer/You lose 2.wav
  artifactKey: Guid(5c4529735e77fe1409f66388c314bcb3) Importer(815301076,1909f56bfc062723c751e8b465ee728b)
Start importing Assets/AssetStoreTools/Ultimate SFX Bundle - HD Remaster/Casual Game Announcer/You lose 2.wav using Guid(5c4529735e77fe1409f66388c314bcb3) Importer(815301076,1909f56bfc062723c751e8b465ee728b)  -> (artifact id: '6bb077cc243c7f6364cab9389ed29f09') in 0.007714 seconds
  Import took 0.016433 seconds .

========================================================================
Received Import Request.
  Time since last request: 1.065246 seconds.
  path: Assets/AssetStoreTools/Ultimate SFX Bundle - HD Remaster/Casual Game Announcer/You lose 3.wav
  artifactKey: Guid(8defb4d431c9a6f4d94cdaf570b1c805) Importer(815301076,1909f56bfc062723c751e8b465ee728b)
Start importing Assets/AssetStoreTools/Ultimate SFX Bundle - HD Remaster/Casual Game Announcer/You lose 3.wav using Guid(8defb4d431c9a6f4d94cdaf570b1c805) Importer(815301076,1909f56bfc062723c751e8b465ee728b)  -> (artifact id: '8dc71ba17901a9a94d9e32473d6d2d13') in 0.015284 seconds
  Import took 0.076628 seconds .

========================================================================
Received Import Request.
  Time since last request: 3.215618 seconds.
  path: Assets/AssetStoreTools/Ultimate SFX Bundle - HD Remaster/Casual Game Announcer/Yay.wav
  artifactKey: Guid(4306999a66e4b7f47a326d9206cd8846) Importer(815301076,1909f56bfc062723c751e8b465ee728b)
Start importing Assets/AssetStoreTools/Ultimate SFX Bundle - HD Remaster/Casual Game Announcer/Yay.wav using Guid(4306999a66e4b7f47a326d9206cd8846) Importer(815301076,1909f56bfc062723c751e8b465ee728b)  -> (artifact id: 'f84f7e63761c46b0006e7184a06b1a67') in 0.014172 seconds
  Import took 0.067944 seconds .

========================================================================
Received Import Request.
  Time since last request: 292.002591 seconds.
  path: Assets/Scenes/Temple_1 1.unity
  artifactKey: Guid(da6b76739146bf749bc739c288219786) Importer(815301076,1909f56bfc062723c751e8b465ee728b)
Start importing Assets/Scenes/Temple_1 1.unity using Guid(da6b76739146bf749bc739c288219786) Importer(815301076,1909f56bfc062723c751e8b465ee728b)  -> (artifact id: '19cb75618bb46f6c0e12a633accee8b6') in 0.008839 seconds
  Import took 0.043866 seconds .

========================================================================
Received Import Request.
  Time since last request: 20.153090 seconds.
  path: Assets/Scenes/DarkSoulSample.unity
  artifactKey: Guid(eab9decf4010c7c44abd9604f83ba9a8) Importer(815301076,1909f56bfc062723c751e8b465ee728b)
Start importing Assets/Scenes/DarkSoulSample.unity using Guid(eab9decf4010c7c44abd9604f83ba9a8) Importer(815301076,1909f56bfc062723c751e8b465ee728b)  -> (artifact id: '69bd0d51a7294b1c5ba81ea911322dcc') in 0.007646 seconds
  Import took 0.124216 seconds .

========================================================================
Received Prepare
Registering precompiled user dll's ...
Registered in 0.005869 seconds.
Begin MonoManager ReloadAssembly
Native extension for WindowsStandalone target not found
Refreshing native plugins compatible for Editor in 2.69 ms, found 3 plugins.
Preloading 0 native plugins for Editor in 0.00 ms.
Invoked RoslynAnalysisRunner static constructor.
RoslynAnalysisRunner will not be running.
RoslynAnalysisRunner has terminated.
Mono: successfully reloaded assembly
- Completed reload, in  1.930 seconds
Platform modules already initialized, skipping
Shader 'Enviro/Standard/SkyboxSimple': fallback shader 'None' not found
Shader 'Enviro/Lite/SkyboxSimple': fallback shader 'None' not found
Shader 'WFX/Transparent Diffuse': fallback shader 'Particles/Alpha Blended' not found
Shader 'WFX/Transparent Specular': fallback shader 'Particles/Alpha Blended' not found
Refreshing native plugins compatible for Editor in 2.88 ms, found 3 plugins.
Preloading 0 native plugins for Editor in 0.00 ms.
Unloading 2453 Unused Serialized files (Serialized files now loaded: 0)
System memory in use before: 197.2 MB.
System memory in use after: 197.3 MB.

Unloading 17 unused Assets to reduce memory usage. Loaded Objects now: 3122.
Total: 2.861000 ms (FindLiveObjects: 0.363200 ms CreateObjectMapping: 0.134600 ms MarkObjects: 2.149200 ms  DeleteObjects: 0.212700 ms)

========================================================================
Received Prepare
Registering precompiled user dll's ...
Registered in 0.006051 seconds.
Begin MonoManager ReloadAssembly
Native extension for WindowsStandalone target not found
Refreshing native plugins compatible for Editor in 2.53 ms, found 3 plugins.
Preloading 0 native plugins for Editor in 0.00 ms.
Invoked RoslynAnalysisRunner static constructor.
RoslynAnalysisRunner will not be running.
RoslynAnalysisRunner has terminated.
Mono: successfully reloaded assembly
- Completed reload, in  1.454 seconds
Platform modules already initialized, skipping
Shader 'Enviro/Standard/SkyboxSimple': fallback shader 'None' not found
Shader 'Enviro/Lite/SkyboxSimple': fallback shader 'None' not found
Shader 'WFX/Transparent Diffuse': fallback shader 'Particles/Alpha Blended' not found
Shader 'WFX/Transparent Specular': fallback shader 'Particles/Alpha Blended' not found
Refreshing native plugins compatible for Editor in 3.08 ms, found 3 plugins.
Preloading 0 native plugins for Editor in 0.00 ms.
Unloading 2453 Unused Serialized files (Serialized files now loaded: 0)
System memory in use before: 197.2 MB.
System memory in use after: 197.4 MB.

Unloading 17 unused Assets to reduce memory usage. Loaded Objects now: 3126.
Total: 3.288900 ms (FindLiveObjects: 0.760000 ms CreateObjectMapping: 0.242100 ms MarkObjects: 2.066600 ms  DeleteObjects: 0.219200 ms)

========================================================================
Received Prepare
Registering precompiled user dll's ...
Registered in 0.006062 seconds.
Begin MonoManager ReloadAssembly
Native extension for WindowsStandalone target not found
Refreshing native plugins compatible for Editor in 3.48 ms, found 3 plugins.
Preloading 0 native plugins for Editor in 0.00 ms.
Invoked RoslynAnalysisRunner static constructor.
RoslynAnalysisRunner will not be running.
RoslynAnalysisRunner has terminated.
Mono: successfully reloaded assembly
- Completed reload, in  1.444 seconds
Platform modules already initialized, skipping
Shader 'Enviro/Standard/SkyboxSimple': fallback shader 'None' not found
Shader 'Enviro/Lite/SkyboxSimple': fallback shader 'None' not found
Shader 'WFX/Transparent Diffuse': fallback shader 'Particles/Alpha Blended' not found
Shader 'WFX/Transparent Specular': fallback shader 'Particles/Alpha Blended' not found
Refreshing native plugins compatible for Editor in 2.77 ms, found 3 plugins.
Preloading 0 native plugins for Editor in 0.00 ms.
Unloading 2453 Unused Serialized files (Serialized files now loaded: 0)
System memory in use before: 197.3 MB.
System memory in use after: 197.4 MB.

Unloading 17 unused Assets to reduce memory usage. Loaded Objects now: 3130.
Total: 3.513900 ms (FindLiveObjects: 0.311600 ms CreateObjectMapping: 0.151000 ms MarkObjects: 2.837700 ms  DeleteObjects: 0.211900 ms)

========================================================================
Received Prepare
Registering precompiled user dll's ...
Registered in 0.006678 seconds.
Begin MonoManager ReloadAssembly
Native extension for WindowsStandalone target not found
Refreshing native plugins compatible for Editor in 2.94 ms, found 3 plugins.
Preloading 0 native plugins for Editor in 0.00 ms.
Invoked RoslynAnalysisRunner static constructor.
RoslynAnalysisRunner will not be running.
RoslynAnalysisRunner has terminated.
Mono: successfully reloaded assembly
- Completed reload, in  1.595 seconds
Platform modules already initialized, skipping
Shader 'Enviro/Standard/SkyboxSimple': fallback shader 'None' not found
Shader 'Enviro/Lite/SkyboxSimple': fallback shader 'None' not found
Shader 'WFX/Transparent Diffuse': fallback shader 'Particles/Alpha Blended' not found
Shader 'WFX/Transparent Specular': fallback shader 'Particles/Alpha Blended' not found
Refreshing native plugins compatible for Editor in 3.28 ms, found 3 plugins.
Preloading 0 native plugins for Editor in 0.00 ms.
Unloading 2453 Unused Serialized files (Serialized files now loaded: 0)
System memory in use before: 197.3 MB.
System memory in use after: 197.5 MB.

Unloading 17 unused Assets to reduce memory usage. Loaded Objects now: 3134.
Total: 2.687300 ms (FindLiveObjects: 0.297600 ms CreateObjectMapping: 0.126100 ms MarkObjects: 2.069100 ms  DeleteObjects: 0.192400 ms)

========================================================================
Received Prepare
Registering precompiled user dll's ...
Registered in 0.005678 seconds.
Begin MonoManager ReloadAssembly
Native extension for WindowsStandalone target not found
Refreshing native plugins compatible for Editor in 3.45 ms, found 3 plugins.
Preloading 0 native plugins for Editor in 0.00 ms.
Invoked RoslynAnalysisRunner static constructor.
RoslynAnalysisRunner will not be running.
RoslynAnalysisRunner has terminated.
Mono: successfully reloaded assembly
- Completed reload, in  1.641 seconds
Platform modules already initialized, skipping
Shader 'Enviro/Standard/SkyboxSimple': fallback shader 'None' not found
Shader 'Enviro/Lite/SkyboxSimple': fallback shader 'None' not found
Shader 'WFX/Transparent Diffuse': fallback shader 'Particles/Alpha Blended' not found
Shader 'WFX/Transparent Specular': fallback shader 'Particles/Alpha Blended' not found
Refreshing native plugins compatible for Editor in 2.76 ms, found 3 plugins.
Preloading 0 native plugins for Editor in 0.00 ms.
Unloading 2453 Unused Serialized files (Serialized files now loaded: 0)
System memory in use before: 197.3 MB.
System memory in use after: 197.5 MB.

Unloading 17 unused Assets to reduce memory usage. Loaded Objects now: 3138.
Total: 3.097700 ms (FindLiveObjects: 0.526100 ms CreateObjectMapping: 0.174800 ms MarkObjects: 2.177300 ms  DeleteObjects: 0.218000 ms)

========================================================================
Received Prepare
Registering precompiled user dll's ...
Registered in 0.006581 seconds.
Begin MonoManager ReloadAssembly
Native extension for WindowsStandalone target not found
Refreshing native plugins compatible for Editor in 2.98 ms, found 3 plugins.
Preloading 0 native plugins for Editor in 0.00 ms.
Invoked RoslynAnalysisRunner static constructor.
RoslynAnalysisRunner will not be running.
RoslynAnalysisRunner has terminated.
Mono: successfully reloaded assembly
- Completed reload, in  1.533 seconds
Platform modules already initialized, skipping
Shader 'Enviro/Standard/SkyboxSimple': fallback shader 'None' not found
Shader 'Enviro/Lite/SkyboxSimple': fallback shader 'None' not found
Shader 'WFX/Transparent Diffuse': fallback shader 'Particles/Alpha Blended' not found
Shader 'WFX/Transparent Specular': fallback shader 'Particles/Alpha Blended' not found
Refreshing native plugins compatible for Editor in 3.84 ms, found 3 plugins.
Preloading 0 native plugins for Editor in 0.00 ms.
Unloading 2453 Unused Serialized files (Serialized files now loaded: 0)
System memory in use before: 197.3 MB.
System memory in use after: 197.5 MB.

Unloading 17 unused Assets to reduce memory usage. Loaded Objects now: 3142.
Total: 3.387500 ms (FindLiveObjects: 0.658800 ms CreateObjectMapping: 0.146300 ms MarkObjects: 2.293400 ms  DeleteObjects: 0.286900 ms)

========================================================================
Received Prepare
Registering precompiled user dll's ...
Registered in 0.006095 seconds.
Begin MonoManager ReloadAssembly
Native extension for WindowsStandalone target not found
Refreshing native plugins compatible for Editor in 3.50 ms, found 3 plugins.
Preloading 0 native plugins for Editor in 0.00 ms.
Invoked RoslynAnalysisRunner static constructor.
RoslynAnalysisRunner will not be running.
RoslynAnalysisRunner has terminated.
Mono: successfully reloaded assembly
- Completed reload, in  1.621 seconds
Platform modules already initialized, skipping
Shader 'Enviro/Standard/SkyboxSimple': fallback shader 'None' not found
Shader 'Enviro/Lite/SkyboxSimple': fallback shader 'None' not found
Shader 'WFX/Transparent Diffuse': fallback shader 'Particles/Alpha Blended' not found
Shader 'WFX/Transparent Specular': fallback shader 'Particles/Alpha Blended' not found
Refreshing native plugins compatible for Editor in 2.57 ms, found 3 plugins.
Preloading 0 native plugins for Editor in 0.00 ms.
Unloading 2453 Unused Serialized files (Serialized files now loaded: 0)
System memory in use before: 197.4 MB.
System memory in use after: 197.5 MB.

Unloading 17 unused Assets to reduce memory usage. Loaded Objects now: 3146.
Total: 3.637100 ms (FindLiveObjects: 0.442800 ms CreateObjectMapping: 0.298000 ms MarkObjects: 2.668000 ms  DeleteObjects: 0.226800 ms)

